3706
0 0 11 0
0 1 11 1
0 3 11 3
0 4 11 4
0 5 11 5
0 6 11 6
0 7 11 7
0 8 11 8
0 10 11 10
0 11 11 11
0 12 11 12
0 14 11 14
0 15 11 15
0 18 11 18
0 19 11 19
0 20 11 20
0 21 11 21
0 22 11 22
0 24 11 24
0 25 11 25
0 27 11 27
0 28 11 28
0 29 11 29
0 30 11 30
0 31 11 31
0 34 11 34
0 38 11 38
0 39 11 39
0 40 11 40
0 41 11 41
0 42 11 42
0 44 11 44
0 45 11 45
0 46 11 46
0 47 11 47
0 48 11 48
0 49 11 49
0 50 11 50
0 51 11 51
0 52 11 52
0 53 11 53
0 54 11 54
0 55 11 55
0 56 11 56
0 57 11 57
0 58 11 58
0 59 11 59
0 60 11 60
0 61 11 61
0 62 11 62
0 63 11 63
0 64 11 64
0 65 11 65
0 66 11 66
0 67 11 67
0 69 11 69
0 71 11 71
0 72 11 72
0 73 11 73
0 74 11 74
0 75 11 75
0 76 11 76
0 77 11 77
0 78 11 78
0 80 11 80
0 82 11 82
0 84 11 84
0 85 11 85
0 87 11 87
0 88 11 88
0 90 11 90
0 91 11 91
0 92 11 92
0 94 11 94
0 95 11 95
0 96 11 96
0 97 11 97
0 98 11 98
0 99 11 99
0 101 11 101
0 103 11 103
0 104 11 104
0 105 11 105
0 106 11 106
0 107 11 107
0 108 11 108
0 109 11 109
0 111 11 111
0 113 11 113
0 114 11 114
0 115 11 115
0 117 11 117
0 118 11 118
0 119 11 119
0 120 11 120
0 121 11 121
0 122 11 122
0 123 11 123
0 125 11 125
0 126 11 126
0 127 11 127
0 128 11 128
0 129 11 129
0 130 11 130
0 131 11 131
0 132 11 132
0 133 11 133
0 134 11 134
0 136 11 136
0 138 11 138
0 140 11 140
0 141 11 141
0 142 11 142
0 143 11 143
0 144 11 144
0 145 11 145
0 146 11 146
0 148 11 148
0 150 11 150
0 151 11 151
0 152 11 152
0 153 11 153
0 157 11 157
0 158 11 158
0 159 11 159
0 160 11 160
0 161 11 161
0 162 11 162
0 163 11 163
0 164 11 164
0 165 11 165
0 166 11 166
0 167 11 167
0 168 11 168
0 169 11 169
0 170 11 170
0 171 11 171
0 172 11 172
0 173 11 173
0 175 11 175
0 176 11 176
0 177 11 177
0 178 11 178
0 179 11 179
0 181 11 181
0 183 11 183
0 184 11 184
0 185 11 185
0 186 11 186
0 187 11 187
0 188 11 188
0 189 11 189
0 190 11 190
0 191 11 191
0 192 11 192
0 193 11 193
0 194 11 194
0 195 11 195
0 196 11 196
0 197 11 197
0 198 11 198
0 199 11 199
0 200 11 200
0 201 11 201
0 202 11 202
0 203 11 203
0 204 11 204
0 205 11 205
0 206 11 206
0 208 11 208
0 209 11 209
0 212 11 212
0 213 11 213
0 214 11 214
0 215 11 215
0 216 11 216
0 217 11 217
0 218 11 218
0 219 11 219
0 220 11 220
0 221 11 221
0 222 11 222
0 223 11 223
0 224 11 224
0 225 11 225
0 226 11 226
0 227 11 227
0 228 11 228
0 229 11 229
0 231 11 231
0 232 11 232
0 233 11 233
0 234 11 234
0 235 11 235
0 239 11 239
0 241 11 241
0 242 11 242
0 243 11 243
0 244 11 244
0 245 11 245
0 246 11 246
0 247 11 247
1 2 12 2
1 13 12 13
1 16 12 16
1 36 12 36
1 68 12 68
1 81 12 81
1 116 12 116
1 135 12 135
1 139 12 139
1 155 12 155
1 237 12 237
1 240 12 240
1 249 12 249
2 32 13 32
2 35 13 35
2 43 13 43
2 79 13 79
2 83 13 83
2 124 13 124
2 149 13 149
2 230 13 230
2 236 13 236
3 33 14 33
3 86 14 86
3 89 14 89
3 112 14 112
3 147 14 147
3 180 14 180
3 248 14 248
4 102 15 102
4 137 15 137
4 211 15 211
5 110 16 110
5 182 16 182
5 207 16 207
6 174 17 174
6 210 17 210
7 17 18 17
7 26 18 26
7 70 18 70
8 238 19 238
9 154 20 154
10 156 21 156
11 9 22 9
11 23 22 23
12 1 23 1
12 3 23 3
12 6 23 6
12 8 23 8
12 11 23 11
12 12 23 12
12 15 23 15
12 18 23 18
12 19 23 19
12 20 23 20
12 22 23 22
12 24 23 24
12 25 23 25
12 27 23 27
12 30 23 30
12 34 23 34
12 38 23 38
12 39 23 39
12 40 23 40
12 41 23 41
12 44 23 44
12 46 23 46
12 47 23 47
12 48 23 48
12 50 23 50
12 51 23 51
12 52 23 52
12 53 23 53
12 54 23 54
12 55 23 55
12 56 23 56
12 57 23 57
12 58 23 58
12 60 23 60
12 61 23 61
12 62 23 62
12 63 23 63
12 65 23 65
12 66 23 66
12 67 23 67
12 69 23 69
12 71 23 71
12 74 23 74
12 76 23 76
12 77 23 77
12 82 23 82
12 84 23 84
12 85 23 85
12 87 23 87
12 88 23 88
12 90 23 90
12 91 23 91
12 92 23 92
12 94 23 94
12 96 23 96
12 97 23 97
12 98 23 98
12 99 23 99
12 101 23 101
12 104 23 104
12 105 23 105
12 106 23 106
12 107 23 107
12 108 23 108
12 109 23 109
12 113 23 113
12 115 23 115
12 118 23 118
12 121 23 121
12 122 23 122
12 123 23 123
12 127 23 127
12 128 23 128
12 130 23 130
12 131 23 131
12 132 23 132
12 138 23 138
12 140 23 140
12 141 23 141
12 143 23 143
12 146 23 146
12 148 23 148
12 150 23 150
12 151 23 151
12 152 23 152
12 157 23 157
12 158 23 158
12 159 23 159
12 160 23 160
12 163 23 163
12 164 23 164
12 166 23 166
12 167 23 167
12 169 23 169
12 172 23 172
12 173 23 173
12 177 23 177
12 178 23 178
12 179 23 179
12 181 23 181
12 185 23 185
12 186 23 186
12 187 23 187
12 188 23 188
12 189 23 189
12 190 23 190
12 191 23 191
12 192 23 192
12 193 23 193
12 194 23 194
12 195 23 195
12 197 23 197
12 198 23 198
12 199 23 199
12 200 23 200
12 202 23 202
12 203 23 203
12 204 23 204
12 206 23 206
12 212 23 212
12 213 23 213
12 214 23 214
12 215 23 215
12 216 23 216
12 217 23 217
12 219 23 219
12 221 23 221
12 222 23 222
12 223 23 223
12 233 23 233
12 239 23 239
12 241 23 241
12 242 23 242
12 243 23 243
12 245 23 245
12 246 23 246
12 247 23 247
13 2 24 2
13 10 24 10
13 13 24 13
13 36 24 36
13 37 24 37
13 42 24 42
13 49 24 49
13 68 24 68
13 80 24 80
13 81 24 81
13 93 24 93
13 95 24 95
13 100 24 100
13 116 24 116
13 126 24 126
13 133 24 133
13 135 24 135
13 139 24 139
13 155 24 155
13 162 24 162
13 168 24 168
13 171 24 171
13 175 24 175
13 196 24 196
13 218 24 218
13 225 24 225
13 232 24 232
13 234 24 234
13 235 24 235
13 237 24 237
13 240 24 240
13 249 24 249
14 4 25 4
14 5 25 5
14 14 25 14
14 16 25 16
14 32 25 32
14 35 25 35
14 43 25 43
14 59 25 59
14 64 25 64
14 73 25 73
14 83 25 83
14 119 25 119
14 125 25 125
14 149 25 149
14 230 25 230
15 31 26 31
15 33 26 33
15 86 26 86
15 89 26 89
15 112 26 112
15 114 26 114
15 124 26 124
15 153 26 153
15 170 26 170
15 180 26 180
15 248 26 248
16 78 27 78
16 145 27 145
16 147 27 147
16 183 27 183
16 205 27 205
16 220 27 220
16 227 27 227
16 236 27 236
16 244 27 244
17 75 28 75
17 102 28 102
17 110 28 110
17 111 28 111
17 120 28 120
17 182 28 182
17 207 28 207
17 208 28 208
17 229 28 229
18 7 29 7
18 137 29 137
18 161 29 161
18 201 29 201
18 210 29 210
19 17 30 17
19 26 30 26
19 45 30 45
19 142 30 142
19 165 30 165
19 176 30 176
19 224 30 224
19 226 30 226
20 144 31 144
20 211 31 211
20 238 31 238
21 72 32 72
21 117 32 117
21 154 32 154
21 184 32 184
21 209 32 209
22 70 33 70
22 136 33 136
22 156 33 156
23 9 34 9
23 23 34 23
23 103 34 103
23 174 34 174
23 228 34 228
23 231 34 231
24 1 35 1
24 6 35 6
24 11 35 11
24 12 35 12
24 15 35 15
24 18 35 18
24 20 35 20
24 24 35 24
24 25 35 25
24 27 35 27
24 30 35 30
24 34 35 34
24 39 35 39
24 41 35 41
24 44 35 44
24 46 35 46
24 47 35 47
24 48 35 48
24 50 35 50
24 52 35 52
24 53 35 53
24 54 35 54
24 55 35 55
24 56 35 56
24 58 35 58
24 61 35 61
24 62 35 62
24 63 35 63
24 65 35 65
24 66 35 66
24 67 35 67
24 69 35 69
24 71 35 71
24 74 35 74
24 76 35 76
24 77 35 77
24 82 35 82
24 84 35 84
24 85 35 85
24 87 35 87
24 88 35 88
24 91 35 91
24 92 35 92
24 94 35 94
24 97 35 97
24 98 35 98
24 101 35 101
24 104 35 104
24 107 35 107
24 108 35 108
24 109 35 109
24 115 35 115
24 118 35 118
24 121 35 121
24 127 35 127
24 128 35 128
24 130 35 130
24 138 35 138
24 141 35 141
24 148 35 148
24 150 35 150
24 152 35 152
24 157 35 157
24 159 35 159
24 163 35 163
24 164 35 164
24 166 35 166
24 167 35 167
24 172 35 172
24 173 35 173
24 178 35 178
24 179 35 179
24 181 35 181
24 185 35 185
24 186 35 186
24 187 35 187
24 188 35 188
24 189 35 189
24 190 35 190
24 191 35 191
24 192 35 192
24 193 35 193
24 195 35 195
24 197 35 197
24 198 35 198
24 200 35 200
24 202 35 202
24 206 35 206
24 212 35 212
24 213 35 213
24 214 35 214
24 216 35 216
24 217 35 217
24 219 35 219
24 221 35 221
24 233 35 233
24 239 35 239
24 242 35 242
24 245 35 245
24 246 35 246
25 10 36 10
25 13 36 13
25 28 36 28
25 36 36 36
25 37 36 37
25 38 36 38
25 42 36 42
25 49 36 49
25 60 36 60
25 68 36 68
25 80 36 80
25 93 36 93
25 95 36 95
25 100 36 100
25 116 36 116
25 133 36 133
25 135 36 135
25 139 36 139
25 146 36 146
25 155 36 155
25 162 36 162
25 168 36 168
25 203 36 203
25 218 36 218
25 222 36 222
25 234 36 234
25 235 36 235
25 237 36 237
25 241 36 241
25 243 36 243
26 5 37 5
26 16 37 16
26 32 37 32
26 43 37 43
26 59 37 59
26 64 37 64
26 83 37 83
26 122 37 122
26 125 37 125
26 134 37 134
26 149 37 149
26 196 37 196
26 223 37 223
26 230 37 230
26 240 37 240
27 2 38 2
27 14 38 14
27 19 38 19
27 31 38 31
27 33 38 33
27 73 38 73
27 89 38 89
27 112 38 112
27 114 38 114
27 170 38 170
27 180 38 180
27 194 38 194
27 232 38 232
27 248 38 248
28 57 39 57
28 79 39 79
28 106 39 106
28 124 39 124
28 132 39 132
28 143 39 143
28 145 39 145
28 147 39 147
28 151 39 151
28 160 39 160
28 183 39 183
28 205 39 205
28 215 39 215
28 220 39 220
28 236 39 236
28 244 39 244
29 35 40 35
29 75 40 75
29 78 40 78
29 102 40 102
29 111 40 111
29 120 40 120
29 123 40 123
29 129 40 129
29 140 40 140
29 169 40 169
29 182 40 182
29 207 40 207
29 208 40 208
29 229 40 229
29 247 40 247
29 249 40 249
30 3 41 3
30 7 41 7
30 8 41 8
30 22 41 22
30 126 41 126
30 137 41 137
30 177 41 177
30 204 41 204
30 210 41 210
31 21 42 21
31 26 42 26
31 142 42 142
31 158 42 158
31 165 42 165
31 171 42 171
31 176 42 176
31 224 42 224
31 226 42 226
32 81 43 81
32 131 43 131
32 144 43 144
33 17 44 17
33 29 44 29
33 154 44 154
33 184 44 184
33 201 44 201
33 209 44 209
33 211 44 211
34 51 45 51
34 70 45 70
34 86 45 86
34 117 45 117
34 136 45 136
34 156 45 156
34 161 45 161
34 238 45 238
35 9 46 9
35 99 46 99
35 103 46 103
35 105 46 105
35 174 46 174
35 199 46 199
35 227 46 227
35 228 46 228
35 231 46 231
36 1 47 1
36 6 47 6
36 11 47 11
36 12 47 12
36 15 47 15
36 18 47 18
36 24 47 24
36 25 47 25
36 27 47 27
36 30 47 30
36 34 47 34
36 39 47 39
36 44 47 44
36 47 47 47
36 48 47 48
36 50 47 50
36 52 47 52
36 53 47 53
36 54 47 54
36 55 47 55
36 58 47 58
36 63 47 63
36 65 47 65
36 67 47 67
36 71 47 71
36 74 47 74
36 76 47 76
36 77 47 77
36 87 47 87
36 88 47 88
36 91 47 91
36 92 47 92
36 94 47 94
36 97 47 97
36 98 47 98
36 101 47 101
36 104 47 104
36 107 47 107
36 108 47 108
36 109 47 109
36 110 47 110
36 115 47 115
36 119 47 119
36 127 47 127
36 128 47 128
36 130 47 130
36 138 47 138
36 148 47 148
36 152 47 152
36 157 47 157
36 163 47 163
36 164 47 164
36 166 47 166
36 167 47 167
36 172 47 172
36 173 47 173
36 179 47 179
36 181 47 181
36 185 47 185
36 186 47 186
36 187 47 187
36 188 47 188
36 191 47 191
36 192 47 192
36 193 47 193
36 195 47 195
36 197 47 197
36 198 47 198
36 200 47 200
36 202 47 202
36 206 47 206
36 213 47 213
36 214 47 214
36 216 47 216
36 217 47 217
36 221 47 221
36 233 47 233
36 239 47 239
36 242 47 242
37 13 48 13
37 20 48 20
37 28 48 28
37 36 48 36
37 37 48 37
37 38 48 38
37 41 48 41
37 42 48 42
37 46 48 46
37 49 48 49
37 60 48 60
37 62 48 62
37 68 48 68
37 69 48 69
37 80 48 80
37 84 48 84
37 85 48 85
37 90 48 90
37 93 48 93
37 116 48 116
37 133 48 133
37 135 48 135
37 139 48 139
37 146 48 146
37 155 48 155
37 162 48 162
37 168 48 168
37 190 48 190
37 203 48 203
37 219 48 219
37 222 48 222
37 234 48 234
37 235 48 235
37 237 48 237
37 241 48 241
37 243 48 243
37 245 48 245
37 246 48 246
38 5 49 5
38 16 49 16
38 32 49 32
38 43 49 43
38 59 49 59
38 61 49 61
38 64 49 64
38 72 49 72
38 82 49 82
38 113 49 113
38 125 49 125
38 134 49 134
38 218 49 218
38 223 49 223
38 230 49 230
38 240 49 240
39 2 50 2
39 14 50 14
39 31 50 31
39 33 50 33
39 40 50 40
39 45 50 45
39 73 50 73
39 112 50 112
39 114 50 114
39 121 50 121
39 141 50 141
39 153 50 153
39 170 50 170
39 180 50 180
39 189 50 189
39 194 50 194
39 196 50 196
39 225 50 225
39 232 50 232
39 248 50 248
40 57 51 57
40 79 51 79
40 83 51 83
40 95 51 95
40 96 51 96
40 106 51 106
40 124 51 124
40 145 51 145
40 150 51 150
40 151 51 151
40 160 51 160
40 178 51 178
40 205 51 205
40 215 51 215
40 220 51 220
40 236 51 236
41 35 52 35
41 78 52 78
41 102 52 102
41 111 52 111
41 120 52 120
41 123 52 123
41 129 52 129
41 140 52 140
41 159 52 159
41 169 52 169
41 207 52 207
41 212 52 212
41 229 52 229
41 244 52 244
41 247 52 247
42 3 53 3
42 7 53 7
42 8 53 8
42 22 53 22
42 66 53 66
42 75 53 75
42 177 53 177
42 204 53 204
42 208 53 208
43 4 54 4
43 21 54 21
43 26 54 26
43 149 54 149
43 158 54 158
43 165 54 165
43 171 54 171
43 176 54 176
43 182 54 182
43 183 54 183
43 224 54 224
43 226 54 226
44 81 55 81
44 89 55 89
44 118 55 118
44 131 55 131
44 137 55 137
44 144 55 144
45 17 56 17
45 29 56 29
45 100 56 100
45 142 56 142
45 143 56 143
45 154 56 154
45 184 56 184
45 211 56 211
46 19 57 19
46 51 57 51
46 70 57 70
46 86 57 86
46 117 57 117
46 122 57 122
46 136 57 136
46 161 57 161
46 238 57 238
47 9 58 9
47 99 58 99
47 105 58 105
47 174 58 174
47 199 58 199
47 231 58 231
48 6 59 6
48 12 59 12
48 15 59 15
48 24 59 24
48 25 59 25
48 27 59 27
48 30 59 30
48 34 59 34
48 39 59 39
48 44 59 44
48 47 59 47
48 48 59 48
48 50 59 50
48 55 59 55
48 56 59 56
48 65 59 65
48 67 59 67
48 71 59 71
48 74 59 74
48 76 59 76
48 87 59 87
48 88 59 88
48 91 59 91
48 94 59 94
48 97 59 97
48 98 59 98
48 103 59 103
48 104 59 104
48 107 59 107
48 109 59 109
48 110 59 110
48 115 59 115
48 127 59 127
48 128 59 128
48 130 59 130
48 138 59 138
48 147 59 147
48 152 59 152
48 157 59 157
48 163 59 163
48 164 59 164
48 166 59 166
48 167 59 167
48 172 59 172
48 179 59 179
48 185 59 185
48 186 59 186
48 187 59 187
48 191 59 191
48 192 59 192
48 195 59 195
48 198 59 198
48 200 59 200
48 202 59 202
48 206 59 206
48 213 59 213
48 214 59 214
48 216 59 216
48 217 59 217
48 221 59 221
48 233 59 233
48 242 59 242
48 249 59 249
49 1 60 1
49 13 60 13
49 20 60 20
49 28 60 28
49 36 60 36
49 37 60 37
49 38 60 38
49 41 60 41
49 46 60 46
49 53 60 53
49 60 60 60
49 63 60 63
49 69 60 69
49 80 60 80
49 84 60 84
49 85 60 85
49 108 60 108
49 116 60 116
49 132 60 132
49 133 60 133
49 135 60 135
49 155 60 155
49 162 60 162
49 168 60 168
49 173 60 173
49 201 60 201
49 203 60 203
49 222 60 222
49 227 60 227
49 234 60 234
49 235 60 235
49 241 60 241
49 245 60 245
49 246 60 246
50 5 61 5
50 10 61 10
50 32 61 32
50 43 61 43
50 59 61 59
50 61 61 61
50 64 61 64
50 72 61 72
50 82 61 82
50 93 61 93
50 113 61 113
50 125 61 125
50 134 61 134
50 181 61 181
50 188 61 188
50 218 61 218
50 223 61 223
50 230 61 230
51 2 62 2
51 11 62 11
51 14 62 14
51 16 62 16
51 31 62 31
51 33 62 33
51 40 62 40
51 45 62 45
51 54 62 54
51 58 62 58
51 73 62 73
51 101 62 101
51 112 62 112
51 119 62 119
51 153 62 153
51 189 62 189
51 193 62 193
51 194 62 194
51 196 62 196
51 225 62 225
51 232 62 232
51 243 62 243
51 248 62 248
52 68 63 68
52 79 63 79
52 90 63 90
52 95 63 95
52 96 63 96
52 124 63 124
52 145 63 145
52 150 63 150
52 151 63 151
52 160 63 160
52 178 63 178
52 205 63 205
52 210 63 210
52 215 63 215
52 219 63 219
52 220 63 220
52 239 63 239
53 52 64 52
53 78 64 78
53 111 64 111
53 120 64 120
53 126 64 126
53 140 64 140
53 159 64 159
53 175 64 175
53 197 64 197
53 212 64 212
53 229 64 229
53 244 64 244
53 247 64 247
54 3 65 3
54 7 65 7
54 8 65 8
54 22 65 22
54 23 65 23
54 66 65 66
54 75 65 75
54 129 65 129
54 146 65 146
54 177 65 177
54 204 65 204
54 208 65 208
55 102 66 102
55 114 66 114
55 149 66 149
55 165 66 165
55 176 66 176
55 180 66 180
55 182 66 182
55 190 66 190
55 224 66 224
55 226 66 226
56 4 67 4
56 42 67 42
56 81 67 81
56 89 67 89
56 118 67 118
56 123 67 123
56 131 67 131
56 137 67 137
56 144 67 144
56 156 67 156
57 17 68 17
57 18 68 18
57 29 68 29
57 49 68 49
57 57 68 57
57 121 68 121
57 139 68 139
57 143 68 143
57 171 68 171
57 184 68 184
57 207 68 207
57 209 68 209
57 211 68 211
57 237 68 237
58 19 69 19
58 26 69 26
58 35 69 35
58 51 69 51
58 86 69 86
58 106 69 106
58 117 69 117
58 122 69 122
58 136 69 136
58 161 69 161
58 169 69 169
58 238 69 238
59 9 70 9
59 62 70 62
59 70 70 70
59 83 70 83
59 99 70 99
59 105 70 105
59 142 70 142
59 158 70 158
59 174 70 174
59 183 70 183
59 199 70 199
59 231 70 231
60 12 71 12
60 15 71 15
60 24 71 24
60 27 71 27
60 30 71 30
60 39 71 39
60 44 71 44
60 48 71 48
60 56 71 56
60 67 71 67
60 71 71 71
60 74 71 74
60 76 71 76
60 87 71 87
60 91 71 91
60 94 71 94
60 97 71 97
60 98 71 98
60 104 71 104
60 107 71 107
60 109 71 109
60 110 71 110
60 127 71 127
60 130 71 130
60 141 71 141
60 147 71 147
60 152 71 152
60 157 71 157
60 163 71 163
60 164 71 164
60 167 71 167
60 172 71 172
60 179 71 179
60 187 71 187
60 191 71 191
60 198 71 198
60 200 71 200
60 202 71 202
60 206 71 206
60 213 71 213
60 214 71 214
60 216 71 216
60 217 71 217
60 221 71 221
60 233 71 233
60 240 71 240
60 242 71 242
60 249 71 249
61 13 72 13
61 20 72 20
61 36 72 36
61 37 72 37
61 38 72 38
61 41 72 41
61 46 72 46
61 63 72 63
61 69 72 69
61 80 72 80
61 108 72 108
61 133 72 133
61 135 72 135
61 148 72 148
61 155 72 155
61 162 72 162
61 166 72 166
61 168 72 168
61 173 72 173
61 201 72 201
61 203 72 203
61 222 72 222
61 227 72 227
61 234 72 234
61 241 72 241
61 245 72 245
61 246 72 246
62 5 73 5
62 32 73 32
62 50 73 50
62 59 73 59
62 61 73 61
62 64 73 64
62 72 73 72
62 82 73 82
62 84 73 84
62 88 73 88
62 93 73 93
62 103 73 103
62 113 73 113
62 116 73 116
62 132 73 132
62 181 73 181
62 185 73 185
62 218 73 218
62 223 73 223
62 230 73 230
63 2 74 2
63 10 74 10
63 11 74 11
63 14 74 14
63 16 74 16
63 25 74 25
63 31 74 31
63 40 74 40
63 45 74 45
63 54 74 54
63 65 74 65
63 73 74 73
63 101 74 101
63 112 74 112
63 128 74 128
63 153 74 153
63 186 74 186
63 189 74 189
63 193 74 193
63 194 74 194
63 195 74 195
63 196 74 196
63 243 74 243
63 248 74 248
64 34 75 34
64 53 75 53
64 55 75 55
64 58 75 58
64 68 75 68
64 79 75 79
64 90 75 90
64 92 75 92
64 95 75 95
64 124 75 124
64 138 75 138
64 145 75 145
64 151 75 151
64 160 75 160
64 178 75 178
64 192 75 192
64 205 75 205
64 210 75 210
64 215 75 215
64 219 75 219
64 220 75 220
64 228 75 228
64 235 75 235
65 47 76 47
65 78 76 78
65 115 76 115
65 126 76 126
65 140 76 140
65 159 76 159
65 175 76 175
65 197 76 197
65 212 76 212
65 229 76 229
65 244 76 244
66 3 77 3
66 6 77 6
66 7 77 7
66 8 77 8
66 21 77 21
66 66 77 66
66 75 77 75
66 85 77 85
66 96 77 96
66 111 77 111
66 129 77 129
66 177 77 177
66 204 77 204
66 208 77 208
66 225 77 225
66 232 77 232
66 247 77 247
67 28 78 28
67 102 78 102
67 114 78 114
67 149 78 149
67 165 78 165
67 176 78 176
67 180 78 180
67 190 78 190
67 224 78 224
68 33 79 33
68 42 79 42
68 77 79 77
68 81 79 81
68 89 79 89
68 118 79 118
68 123 79 123
68 131 79 131
68 137 79 137
68 154 79 154
68 156 79 156
68 236 79 236
69 18 80 18
69 29 80 29
69 49 80 49
69 52 80 52
69 57 80 57
69 139 80 139
69 143 80 143
69 146 80 146
69 170 80 170
69 184 80 184
69 237 80 237
70 1 81 1
70 22 81 22
70 35 81 35
70 86 81 86
70 106 81 106
70 125 81 125
70 136 81 136
70 150 81 150
70 161 81 161
70 169 81 169
70 207 81 207
70 238 81 238
71 9 82 9
71 43 82 43
71 62 82 62
71 83 82 83
71 105 82 105
71 142 82 142
71 144 82 144
71 158 82 158
71 183 82 183
71 188 82 188
71 211 82 211
71 231 82 231
72 15 83 15
72 17 83 17
72 24 83 24
72 30 83 30
72 44 83 44
72 48 83 48
72 51 83 51
72 56 83 56
72 71 83 71
72 74 83 74
72 87 83 87
72 91 83 91
72 94 83 94
72 97 83 97
72 98 83 98
72 99 83 99
72 104 83 104
72 109 83 109
72 127 83 127
72 134 83 134
72 141 83 141
72 147 83 147
72 152 83 152
72 157 83 157
72 163 83 163
72 164 83 164
72 167 83 167
72 171 83 171
72 172 83 172
72 174 83 174
72 187 83 187
72 191 83 191
72 198 83 198
72 200 83 200
72 206 83 206
72 209 83 209
72 213 83 213
72 214 83 214
72 216 83 216
72 233 83 233
72 249 83 249
73 23 84 23
73 36 84 36
73 37 84 37
73 41 84 41
73 46 84 46
73 63 84 63
73 69 84 69
73 80 84 80
73 108 84 108
73 121 84 121
73 130 84 130
73 133 84 133
73 135 84 135
73 148 84 148
73 162 84 162
73 166 84 166
73 168 84 168
73 173 84 173
73 179 84 179
73 203 84 203
73 217 84 217
73 222 84 222
73 226 84 226
73 227 84 227
73 234 84 234
73 246 84 246
74 5 85 5
74 50 85 50
74 59 85 59
74 61 85 61
74 64 85 64
74 72 85 72
74 82 85 82
74 84 85 84
74 88 85 88
74 93 85 93
74 100 85 100
74 103 85 103
74 116 85 116
74 181 85 181
74 185 85 185
74 201 85 201
74 218 85 218
74 223 85 223
75 10 86 10
75 11 86 11
75 14 86 14
75 16 86 16
75 25 86 25
75 26 86 26
75 31 86 31
75 40 86 40
75 54 86 54
75 65 86 65
75 73 86 73
75 101 86 101
75 110 86 110
75 112 86 112
75 128 86 128
75 132 86 132
75 153 86 153
75 189 86 189
75 193 86 193
75 243 86 243
75 245 86 245
75 248 86 248
76 27 87 27
76 34 87 34
76 53 87 53
76 58 87 58
76 68 87 68
76 79 87 79
76 90 87 90
76 92 87 92
76 138 87 138
76 145 87 145
76 151 87 151
76 155 87 155
76 160 87 160
76 178 87 178
76 192 87 192
76 210 87 210
76 215 87 215
76 219 87 219
76 220 87 220
76 228 87 228
76 235 87 235
76 239 87 239
76 242 87 242
77 13 88 13
77 19 88 19
77 39 88 39
77 47 88 47
77 78 88 78
77 115 88 115
77 119 88 119
77 122 88 122
77 126 88 126
77 140 88 140
77 159 88 159
77 175 88 175
77 197 88 197
77 202 88 202
77 212 88 212
77 229 88 229
77 244 88 244
78 2 89 2
78 3 89 3
78 4 89 4
78 6 89 6
78 7 89 7
78 8 89 8
78 21 89 21
78 60 89 60
78 75 89 75
78 85 89 85
78 111 89 111
78 124 89 124
78 129 89 129
78 177 89 177
78 204 89 204
78 208 89 208
78 221 89 221
78 225 89 225
78 230 89 230
78 232 89 232
78 247 89 247
79 20 90 20
79 28 90 28
79 66 90 66
79 76 90 76
79 107 90 107
79 114 90 114
79 149 90 149
79 165 90 165
79 176 90 176
79 180 90 180
79 186 90 186
79 190 90 190
79 224 90 224
80 33 91 33
80 42 91 42
80 70 91 70
80 81 91 81
80 89 91 89
80 118 91 118
80 123 91 123
80 131 91 131
80 137 91 137
80 154 91 154
80 156 91 156
80 199 91 199
80 236 91 236
80 241 91 241
81 18 92 18
81 29 92 29
81 49 92 49
81 52 92 52
81 57 92 57
81 95 92 95
81 139 92 139
81 143 92 143
81 146 92 146
81 170 92 170
81 237 92 237
81 240 92 240
82 1 93 1
82 35 93 35
82 67 93 67
82 77 93 77
82 86 93 86
82 106 93 106
82 113 93 113
82 136 93 136
82 150 93 150
82 169 93 169
82 194 93 194
82 238 93 238
83 9 94 9
83 62 94 62
83 83 94 83
83 96 94 96
83 105 94 105
83 117 94 117
83 142 94 142
83 144 94 144
83 158 94 158
83 161 94 161
83 182 94 182
83 188 94 188
83 205 94 205
83 231 94 231
84 17 95 17
84 24 95 24
84 30 95 30
84 44 95 44
84 48 95 48
84 51 95 51
84 56 95 56
84 71 95 71
84 74 95 74
84 87 95 87
84 91 95 91
84 94 95 94
84 97 95 97
84 98 95 98
84 104 95 104
84 109 95 109
84 134 95 134
84 141 95 141
84 147 95 147
84 152 95 152
84 157 95 157
84 163 95 163
84 167 95 167
84 171 95 171
84 172 95 172
84 174 95 174
84 183 95 183
84 195 95 195
84 200 95 200
84 206 95 206
84 209 95 209
84 213 95 213
84 214 95 214
84 233 95 233
85 23 96 23
85 36 96 36
85 37 96 37
85 63 96 63
85 80 96 80
85 99 96 99
85 108 96 108
85 121 96 121
85 133 96 133
85 135 96 135
85 162 96 162
85 164 96 164
85 168 96 168
85 173 96 173
85 203 96 203
85 217 96 217
85 226 96 226
85 227 96 227
85 246 96 246
86 5 97 5
86 45 97 45
86 46 97 46
86 50 97 50
86 59 97 59
86 61 97 61
86 72 97 72
86 82 97 82
86 84 97 84
86 88 97 88
86 93 97 93
86 103 97 103
86 116 97 116
86 130 97 130
86 185 97 185
86 198 97 198
86 201 97 201
86 211 97 211
86 223 97 223
86 234 97 234
86 249 97 249
87 10 98 10
87 16 98 16
87 25 98 25
87 26 98 26
87 31 98 31
87 40 98 40
87 54 98 54
87 55 98 55
87 65 98 65
87 73 98 73
87 112 98 112
87 127 98 127
87 128 98 128
87 132 98 132
87 148 98 148
87 153 98 153
87 189 98 189
87 191 98 191
87 193 98 193
87 216 98 216
87 243 98 243
87 245 98 245
87 248 98 248
88 11 99 11
88 12 99 12
88 14 99 14
88 15 99 15
88 27 99 27
88 34 99 34
88 41 99 41
88 53 99 53
88 79 99 79
88 90 99 90
88 92 99 92
88 102 99 102
88 145 99 145
88 151 99 151
88 155 99 155
88 178 99 178
88 181 99 181
88 192 99 192
88 210 99 210
88 218 99 218
88 219 99 219
88 228 99 228
88 235 99 235
88 239 99 239
88 242 99 242
89 13 100 13
89 19 100 19
89 32 100 32
89 47 100 47
89 69 100 69
89 78 100 78
89 115 100 115
89 122 100 122
89 140 100 140
89 159 100 159
89 197 100 197
89 202 100 202
89 212 100 212
89 229 100 229
89 244 100 244
90 2 101 2
90 3 101 3
90 4 101 4
90 6 101 6
90 8 101 8
90 39 101 39
90 60 101 60
90 64 101 64
90 75 101 75
90 85 101 85
90 124 101 124
90 138 101 138
90 177 101 177
90 187 101 187
90 204 101 204
90 208 101 208
90 221 101 221
90 230 101 230
90 247 101 247
91 66 102 66
91 76 102 76
91 107 102 107
91 129 102 129
91 149 102 149
91 160 102 160
91 176 102 176
91 180 102 180
91 186 102 186
91 190 102 190
91 207 102 207
91 222 102 222
91 232 102 232
92 33 103 33
92 42 103 42
92 43 103 43
92 100 103 100
92 111 103 111
92 118 103 118
92 123 103 123
92 125 103 125
92 131 103 131
92 137 103 137
92 154 103 154
92 175 103 175
92 236 103 236
92 241 103 241
93 29 104 29
93 49 104 49
93 52 104 52
93 89 104 89
93 95 104 95
93 126 104 126
93 139 104 139
93 165 104 165
93 170 104 170
93 199 104 199
93 225 104 225
94 1 105 1
94 22 105 22
94 35 105 35
94 67 105 67
94 70 105 70
94 77 105 77
94 86 105 86
94 106 105 106
94 143 105 143
94 146 105 146
94 166 105 166
94 215 105 215
94 238 105 238
95 7 106 7
95 9 106 9
95 62 106 62
95 101 106 101
95 105 106 105
95 136 106 136
95 142 106 142
95 150 106 150
95 158 106 158
95 182 106 182
95 196 106 196
95 205 106 205
95 220 106 220
95 231 106 231
96 17 107 17
96 20 107 20
96 30 107 30
96 44 107 44
96 48 107 48
96 51 107 51
96 56 107 56
96 74 107 74
96 87 107 87
96 91 107 91
96 94 107 94
96 97 107 97
96 104 107 104
96 110 107 110
96 134 107 134
96 141 107 141
96 144 107 144
96 147 107 147
96 152 107 152
96 157 107 157
96 171 107 171
96 172 107 172
96 179 107 179
96 188 107 188
96 200 107 200
96 206 107 206
96 209 107 209
96 214 107 214
96 233 107 233
97 23 108 23
97 36 108 36
97 80 108 80
97 135 108 135
97 161 108 161
97 162 108 162
97 164 108 164
97 168 108 168
97 174 108 174
97 194 108 194
97 227 108 227
98 5 109 5
98 38 109 38
98 45 109 45
98 46 109 46
98 50 109 50
98 58 109 58
98 59 109 59
98 68 109 68
98 72 109 72
98 82 109 82
98 84 109 84
98 88 109 88
98 103 109 103
98 108 109 108
98 119 109 119
98 130 109 130
98 183 109 183
98 185 109 185
98 201 109 201
98 211 109 211
98 224 109 224
98 234 109 234
98 240 109 240
99 16 110 16
99 24 110 24
99 25 110 25
99 26 110 26
99 31 110 31
99 37 110 37
99 40 110 40
99 54 110 54
99 55 110 55
99 57 110 57
99 63 110 63
99 73 110 73
99 81 110 81
99 83 110 83
99 127 110 127
99 128 110 128
99 132 110 132
99 153 110 153
99 156 110 156
99 163 110 163
99 184 110 184
99 189 110 189
99 191 110 191
99 193 110 193
99 195 110 195
99 203 110 203
99 226 110 226
99 243 110 243
99 246 110 246
99 248 110 248
100 12 111 12
100 14 111 14
100 15 111 15
100 27 111 27
100 34 111 34
100 41 111 41
100 53 111 53
100 79 111 79
100 92 111 92
100 93 111 93
100 98 111 98
100 102 111 102
100 109 111 109
100 113 111 113
100 145 111 145
100 151 111 151
100 192 111 192
100 218 111 218
100 223 111 223
100 228 111 228
100 235 111 235
100 237 111 237
100 239 111 239
101 13 112 13
101 19 112 19
101 21 112 21
101 28 112 28
101 32 112 32
101 61 112 61
101 69 112 69
101 71 112 71
101 78 112 78
101 115 112 115
101 116 112 116
101 117 112 117
101 121 112 121
101 122 112 122
101 173 112 173
101 197 112 197
101 202 112 202
101 212 112 212
101 229 112 229
101 244 112 244
101 245 112 245
102 2 113 2
102 3 113 3
102 4 113 4
102 6 113 6
102 8 113 8
102 39 113 39
102 65 113 65
102 75 113 75
102 120 113 120
102 124 113 124
102 138 113 138
102 167 113 167
102 177 113 177
102 204 113 204
102 208 113 208
102 230 113 230
102 242 113 242
102 247 113 247
103 66 114 66
103 76 114 76
103 85 114 85
103 114 114 114
103 129 114 129
103 149 114 149
103 176 114 176
103 180 114 180
103 186 114 186
103 190 114 190
103 207 114 207
103 222 114 222
104 11 115 11
104 33 115 33
104 42 115 42
104 43 115 43
104 47 115 47
104 64 115 64
104 111 115 111
104 123 115 123
104 125 115 125
104 131 115 131
104 133 115 133
104 137 115 137
104 154 115 154
104 181 115 181
104 217 115 217
104 221 115 221
104 236 115 236
104 241 115 241
105 18 116 18
105 52 116 52
105 89 116 89
105 95 116 95
105 96 116 96
105 139 116 139
105 170 116 170
105 198 116 198
105 219 116 219
105 225 116 225
106 1 117 1
106 22 117 22
106 35 117 35
106 77 117 77
106 86 117 86
106 99 117 99
106 107 117 107
106 146 117 146
106 166 117 166
106 215 117 215
107 10 118 10
107 101 118 101
107 105 118 105
107 106 118 106
107 142 118 142
107 143 118 143
107 158 118 158
107 160 118 160
107 169 118 169
107 182 118 182
107 187 118 187
107 196 118 196
107 199 118 199
107 205 118 205
107 216 118 216
107 220 118 220
107 231 118 231
108 7 119 7
108 17 119 17
108 30 119 30
108 44 119 44
108 48 119 48
108 56 119 56
108 87 119 87
108 91 119 91
108 94 119 94
108 97 119 97
108 100 119 100
108 104 119 104
108 110 119 110
108 112 119 112
108 118 119 118
108 136 119 136
108 140 119 140
108 144 119 144
108 147 119 147
108 152 119 152
108 157 119 157
108 171 119 171
108 172 119 172
108 188 119 188
108 200 119 200
108 206 119 206
108 209 119 209
108 214 119 214
108 233 119 233
109 23 120 23
109 36 120 36
109 51 120 51
109 74 120 74
109 135 120 135
109 159 120 159
109 161 120 161
109 162 120 162
109 168 120 168
109 174 120 174
109 210 120 210
109 213 120 213
109 227 120 227
109 238 120 238
110 29 121 29
110 38 121 38
110 45 121 45
110 46 121 46
110 58 121 58
110 59 121 59
110 68 121 68
110 72 121 72
110 82 121 82
110 84 121 84
110 88 121 88
110 108 121 108
110 119 121 119
110 130 121 130
110 164 121 164
110 178 121 178
110 183 121 183
110 185 121 185
110 201 121 201
110 211 121 211
110 224 121 224
110 232 121 232
110 240 121 240
110 249 121 249
111 20 122 20
111 24 122 24
111 25 122 25
111 26 122 26
111 31 122 31
111 37 122 37
111 50 122 50
111 54 122 54
111 55 122 55
111 57 122 57
111 63 122 63
111 81 122 81
111 83 122 83
111 127 122 127
111 128 122 128
111 132 122 132
111 134 122 134
111 153 122 153
111 155 122 155
111 156 122 156
111 163 122 163
111 165 122 165
111 175 122 175
111 184 122 184
111 189 122 189
111 191 122 191
111 193 122 193
111 195 122 195
111 203 122 203
111 226 122 226
111 243 122 243
111 246 122 246
111 248 122 248
112 9 123 9
112 14 123 14
112 15 123 15
112 27 123 27
112 34 123 34
112 40 123 40
112 53 123 53
112 92 123 92
112 93 123 93
112 98 123 98
112 102 123 102
112 113 123 113
112 145 123 145
112 151 123 151
112 192 123 192
112 223 123 223
112 228 123 228
112 235 123 235
112 237 123 237
113 13 124 13
113 19 124 19
113 21 124 21
113 49 124 49
113 61 124 61
113 62 124 62
113 67 124 67
113 69 124 69
113 71 124 71
113 78 124 78
113 115 124 115
113 117 124 117
113 126 124 126
113 148 124 148
113 173 124 173
113 179 124 179
113 197 124 197
113 212 124 212
113 218 124 218
113 234 124 234
113 244 124 244
113 245 124 245
114 2 125 2
114 3 125 3
114 8 125 8
114 39 125 39
114 75 125 75
114 109 125 109
114 120 125 120
114 124 125 124
114 138 125 138
114 194 125 194
114 208 125 208
114 229 125 229
114 230 125 230
114 239 125 239
114 242 125 242
114 247 125 247
115 66 126 66
115 73 126 73
115 76 126 76
115 85 126 85
115 114 126 114
115 116 126 116
115 129 126 129
115 149 126 149
115 167 126 167
115 176 126 176
115 180 126 180
115 190 126 190
115 204 126 204
115 207 126 207
115 222 126 222
116 4 127 4
116 11 127 11
116 41 127 41
116 43 127 43
116 47 127 47
116 64 127 64
116 80 127 80
116 123 127 123
116 125 127 125
116 131 127 131
116 137 127 137
116 150 127 150
116 154 127 154
116 217 127 217
116 221 127 221
116 236 127 236
116 241 127 241
117 5 128 5
117 18 128 18
117 52 128 52
117 89 128 89
117 95 128 95
117 96 128 96
117 139 128 139
117 141 128 141
117 170 128 170
117 177 128 177
117 198 128 198
117 219 128 219
117 225 128 225
118 16 129 16
118 28 129 28
118 35 129 35
118 65 129 65
118 99 129 99
118 107 129 107
118 146 129 146
118 215 129 215
119 1 130 1
119 10 130 10
119 60 130 60
119 79 130 79
119 86 130 86
119 101 130 101
119 106 130 106
119 143 130 143
119 158 130 158
119 160 130 160
119 181 130 181
119 187 130 187
119 202 130 202
119 216 130 216
119 220 130 220
119 231 130 231
120 7 131 7
120 30 131 30
120 44 131 44
120 48 131 48
120 56 131 56
120 87 131 87
120 94 131 94
120 97 131 97
120 100 131 100
120 110 131 110
120 111 131 111
120 112 131 112
120 118 131 118
120 136 131 136
120 140 131 140
120 144 131 144
120 147 131 147
120 152 131 152
120 157 131 157
120 182 131 182
120 188 131 188
120 199 131 199
120 200 131 200
120 206 131 206
120 214 131 214
120 233 131 233
121 51 132 51
121 74 132 74
121 121 132 121
121 133 132 133
121 135 132 135
121 159 132 159
121 162 132 162
121 168 132 168
121 174 132 174
121 186 132 186
121 209 132 209
121 210 132 210
121 213 132 213
121 238 132 238
122 29 133 29
122 38 133 38
122 45 133 45
122 46 133 46
122 59 133 59
122 72 133 72
122 82 133 82
122 84 133 84
122 90 133 90
122 108 133 108
122 119 133 119
122 122 133 122
122 130 133 130
122 161 133 161
122 164 133 164
122 171 133 171
122 178 133 178
122 183 133 183
122 185 133 185
122 196 133 196
122 201 133 201
122 211 133 211
122 224 133 224
122 232 133 232
122 240 133 240
122 249 133 249
123 20 134 20
123 23 134 23
123 24 134 24
123 25 134 25
123 26 134 26
123 31 134 31
123 37 134 37
123 42 134 42
123 50 134 50
123 55 134 55
123 57 134 57
123 63 134 63
123 83 134 83
123 91 134 91
123 104 134 104
123 127 134 127
123 132 134 132
123 134 134 134
123 155 134 155
123 156 134 156
123 165 134 165
123 175 134 175
123 189 134 189
123 191 134 191
123 193 134 193
123 195 134 195
123 203 134 203
123 205 134 205
123 226 134 226
123 243 134 243
123 246 134 246
123 248 134 248
124 9 135 9
124 14 135 14
124 22 135 22
124 27 135 27
124 53 135 53
124 54 135 54
124 58 135 58
124 92 135 92
124 93 135 93
124 98 135 98
124 102 135 102
124 113 135 113
124 128 135 128
124 145 135 145
124 192 135 192
124 223 135 223
124 228 135 228
124 235 135 235
124 237 135 237
125 15 136 15
125 19 136 19
125 21 136 21
125 34 136 34
125 36 136 36
125 49 136 49
125 61 136 61
125 67 136 67
125 69 136 69
125 70 136 70
125 88 136 88
125 103 136 103
125 115 136 115
125 117 136 117
125 126 136 126
125 142 136 142
125 148 136 148
125 173 136 173
125 179 136 179
125 212 136 212
125 218 136 218
125 227 136 227
125 234 136 234
125 245 136 245
126 2 137 2
126 3 137 3
126 8 137 8
126 13 137 13
126 39 137 39
126 71 137 71
126 75 137 75
126 109 137 109
126 124 137 124
126 153 137 153
126 169 137 169
126 208 137 208
126 230 137 230
126 239 137 239
126 247 137 247
127 76 138 76
127 85 138 85
127 114 138 114
127 116 138 116
127 149 138 149
127 151 138 151
127 166 138 166
127 167 138 167
127 180 138 180
127 190 138 190
127 207 138 207
127 229 138 229
128 4 139 4
128 11 139 11
128 41 139 41
128 47 139 47
128 64 139 64
128 80 139 80
128 105 139 105
128 125 139 125
128 129 139 129
128 131 139 131
128 137 139 137
128 150 139 150
128 154 139 154
128 172 139 172
128 217 139 217
128 221 139 221
128 236 139 236
128 241 139 241
129 5 140 5
129 18 140 18
129 52 140 52
129 62 140 62
129 73 140 73
129 89 140 89
129 95 140 95
129 96 140 96
129 139 140 139
129 141 140 141
129 177 140 177
129 219 140 219
129 225 140 225
130 16 141 16
130 28 141 28
130 35 141 35
130 65 141 65
130 99 141 99
130 107 141 107
130 146 141 146
130 170 141 170
130 176 141 176
130 184 141 184
130 194 141 194
130 215 141 215
131 6 142 6
131 10 142 10
131 60 142 60
131 79 142 79
131 101 142 101
131 106 142 106
131 158 142 158
131 160 142 160
131 181 142 181
131 187 142 187
131 198 142 198
131 202 142 202
131 216 142 216
131 220 142 220
131 231 142 231
132 7 143 7
132 40 143 40
132 44 143 44
132 48 143 48
132 56 143 56
132 66 143 66
132 94 143 94
132 100 143 100
132 112 143 112
132 118 143 118
132 138 143 138
132 140 143 140
132 144 143 144
132 147 143 147
132 157 143 157
132 182 143 182
132 188 143 188
132 199 143 199
132 200 143 200
132 206 143 206
132 214 143 214
132 242 143 242
133 12 144 12
133 51 144 51
133 68 144 68
133 74 144 74
133 86 144 86
133 97 144 97
133 133 144 133
133 135 144 135
133 143 144 143
133 159 144 159
133 163 144 163
133 168 144 168
133 204 144 204
133 209 144 209
133 210 144 210
133 213 144 213
133 238 144 238
134 17 145 17
134 29 145 29
134 38 145 38
134 45 145 45
134 46 145 46
134 59 145 59
134 72 145 72
134 78 145 78
134 82 145 82
134 84 145 84
134 108 145 108
134 122 145 122
134 152 145 152
134 161 145 161
134 162 145 162
134 171 145 171
134 178 145 178
134 183 145 183
134 185 145 185
134 196 145 196
134 201 145 201
134 240 145 240
134 249 145 249
135 20 146 20
135 24 146 24
135 26 146 26
135 31 146 31
135 37 146 37
135 42 146 42
135 50 146 50
135 55 146 55
135 57 146 57
135 63 146 63
135 77 146 77
135 83 146 83
135 90 146 90
135 104 146 104
135 121 146 121
135 123 146 123
135 127 146 127
135 132 146 132
135 155 146 155
135 164 146 164
135 165 146 165
135 175 146 175
135 186 146 186
135 189 146 189
135 191 146 191
135 195 146 195
135 203 146 203
135 205 146 205
135 211 146 211
135 226 146 226
135 246 146 246
135 248 146 248
136 1 147 1
136 9 147 9
136 53 147 53
136 54 147 54
136 58 147 58
136 92 147 92
136 93 147 93
136 98 147 98
136 102 147 102
136 119 147 119
136 128 147 128
136 222 147 222
136 224 147 224
136 228 147 228
136 232 147 232
136 235 147 235
137 14 148 14
137 15 148 15
137 19 148 19
137 22 148 22
137 25 148 25
137 30 148 30
137 36 148 36
137 49 148 49
137 67 148 67
137 69 148 69
137 88 148 88
137 103 148 103
137 113 148 113
137 115 148 115
137 117 148 117
137 126 148 126
137 130 148 130
137 134 148 134
137 136 148 136
137 173 148 173
137 192 148 192
137 212 148 212
137 227 148 227
137 234 148 234
138 2 149 2
138 3 149 3
138 8 149 8
138 13 149 13
138 27 149 27
138 39 149 39
138 70 149 70
138 75 149 75
138 109 149 109
138 124 149 124
138 142 149 142
138 153 149 153
138 208 149 208
138 218 149 218
138 223 149 223
138 230 149 230
138 233 149 233
138 237 149 237
138 247 149 247
139 23 150 23
139 34 150 34
139 61 150 61
139 85 150 85
139 114 150 114
139 116 150 116
139 145 150 145
139 148 150 148
139 151 150 151
139 167 150 167
139 180 150 180
139 190 150 190
139 193 150 193
140 4 151 4
140 11 151 11
140 41 151 41
140 43 151 43
140 47 151 47
140 64 151 64
140 80 151 80
140 105 151 105
140 125 151 125
140 129 151 129
140 137 151 137
140 154 151 154
140 217 151 217
140 221 151 221
140 229 151 229
140 236 151 236
140 241 151 241
141 32 152 32
141 52 152 52
141 62 152 62
141 87 152 87
141 89 152 89
141 95 152 95
141 120 152 120
141 131 152 131
141 139 152 139
141 141 152 141
141 166 152 166
141 172 152 172
141 177 152 177
141 225 152 225
142 16 153 16
142 65 153 65
142 91 153 91
142 107 153 107
142 174 153 174
142 176 153 176
142 184 153 184
142 194 153 194
142 215 153 215
142 239 153 239
143 6 154 6
143 10 154 10
143 28 154 28
143 33 154 33
143 60 154 60
143 79 154 79
143 96 154 96
143 101 154 101
143 106 154 106
143 146 154 146
143 150 154 150
143 160 154 160
143 187 154 187
143 198 154 198
143 202 154 202
143 216 154 216
143 220 154 220
144 7 155 7
144 18 155 18
144 21 155 21
144 48 155 48
144 94 155 94
144 99 155 99
144 100 155 100
144 111 155 111
144 112 155 112
144 118 155 118
144 138 155 138
144 140 155 140
144 144 155 144
144 147 155 147
144 157 155 157
144 182 155 182
144 188 155 188
144 200 155 200
144 214 155 214
145 12 156 12
145 44 156 44
145 68 156 68
145 73 156 73
145 74 156 74
145 86 156 86
145 97 156 97
145 133 156 133
145 135 156 135
145 143 156 143
145 149 156 149
145 159 156 159
145 163 156 163
145 168 156 168
145 204 156 204
145 210 156 210
145 238 156 238
145 245 156 245
146 5 157 5
146 17 157 17
146 45 157 45
146 46 157 46
146 59 157 59
146 71 157 71
146 72 157 72
146 78 157 78
146 81 157 81
146 82 157 82
146 108 157 108
146 122 157 122
146 152 157 152
146 161 157 161
146 162 157 162
146 169 157 169
146 171 157 171
146 178 157 178
146 183 157 183
146 185 157 185
146 196 157 196
146 201 157 201
146 206 157 206
146 219 157 219
146 240 157 240
146 242 157 242
146 249 157 249
147 20 158 20
147 24 158 24
147 26 158 26
147 29 158 29
147 31 158 31
147 35 158 35
147 37 158 37
147 38 158 38
147 42 158 42
147 50 158 50
147 57 158 57
147 63 158 63
147 76 158 76
147 83 158 83
147 90 158 90
147 104 158 104
147 121 158 121
147 123 158 123
147 127 158 127
147 132 158 132
147 155 158 155
147 164 158 164
147 165 158 165
147 175 158 175
147 189 158 189
147 191 158 191
147 195 158 195
147 203 158 203
147 209 158 209
147 211 158 211
147 226 158 226
147 243 158 243
147 246 158 246
147 248 158 248
148 1 159 1
148 9 159 9
148 53 159 53
148 92 159 92
148 93 159 93
148 98 159 98
148 102 159 102
148 119 159 119
148 222 159 222
148 224 159 224
148 228 159 228
148 231 159 231
148 235 159 235
149 14 160 14
149 15 160 15
149 19 160 19
149 22 160 22
149 25 160 25
149 30 160 30
149 36 160 36
149 49 160 49
149 54 160 54
149 55 160 55
149 67 160 67
149 69 160 69
149 88 160 88
149 103 160 103
149 113 160 113
149 115 160 115
149 117 160 117
149 126 160 126
149 128 160 128
149 130 160 130
149 134 160 134
149 136 160 136
149 156 160 156
149 173 160 173
149 192 160 192
149 205 160 205
149 212 160 212
149 227 160 227
149 232 160 232
149 234 160 234
150 2 161 2
150 3 161 3
150 8 161 8
150 13 161 13
150 27 161 27
150 39 161 39
150 51 161 51
150 58 161 58
150 70 161 70
150 75 161 75
150 109 161 109
150 110 161 110
150 124 161 124
150 142 161 142
150 153 161 153
150 179 161 179
150 208 161 208
150 218 161 218
150 230 161 230
150 233 161 233
150 247 161 247
151 23 162 23
151 34 162 34
151 61 162 61
151 85 162 85
151 145 162 145
151 148 162 148
151 151 162 151
151 167 162 167
151 180 162 180
151 190 162 190
151 193 162 193
151 197 162 197
151 213 162 213
151 237 162 237
151 244 162 244
152 4 163 4
152 11 163 11
152 43 163 43
152 47 163 47
152 64 163 64
152 80 163 80
152 105 163 105
152 125 163 125
152 129 163 129
152 137 163 137
152 154 163 154
152 181 163 181
152 199 163 199
152 207 163 207
152 229 163 229
152 236 163 236
152 241 163 241
153 52 164 52
153 56 164 56
153 62 164 62
153 66 164 66
153 87 164 87
153 95 164 95
153 139 164 139
153 166 164 166
153 170 164 170
153 172 164 172
153 177 164 177
154 41 165 41
154 65 165 65
154 77 165 77
154 91 165 91
154 107 165 107
154 116 165 116
154 176 165 176
154 215 165 215
154 223 165 223
155 6 166 6
155 60 166 60
155 79 166 79
155 89 166 89
155 101 166 101
155 106 166 106
155 146 166 146
155 150 166 150
155 160 166 160
155 187 166 187
155 202 166 202
155 216 166 216
155 220 166 220
155 221 166 221
155 225 166 225
156 7 167 7
156 18 167 18
156 94 167 94
156 96 167 96
156 99 167 99
156 100 167 100
156 111 167 111
156 112 167 112
156 114 167 114
156 138 167 138
156 144 167 144
156 147 167 147
156 157 167 157
156 182 167 182
156 188 167 188
156 200 167 200
156 214 167 214
156 217 167 217
157 12 168 12
157 16 168 16
157 44 168 44
157 73 168 73
157 74 168 74
157 97 168 97
157 133 168 133
157 143 168 143
157 159 168 159
157 163 168 163
157 168 168 168
157 210 168 210
157 238 168 238
158 5 169 5
158 45 169 45
158 71 169 71
158 72 169 72
158 81 169 81
158 82 169 82
158 108 169 108
158 120 169 120
158 135 169 135
158 152 169 152
158 161 169 161
158 162 169 162
158 169 169 169
158 178 169 178
158 183 169 183
158 185 169 185
158 196 169 196
158 219 169 219
158 242 169 242
158 249 169 249
159 24 170 24
159 31 170 31
159 35 170 35
159 37 170 37
159 38 170 38
159 50 170 50
159 57 170 57
159 63 170 63
159 76 170 76
159 83 170 83
159 84 170 84
159 104 170 104
159 118 170 118
159 121 170 121
159 127 170 127
159 131 170 131
159 132 170 132
159 165 170 165
159 174 170 174
159 184 170 184
159 186 170 186
159 189 170 189
159 191 170 191
159 195 170 195
159 203 170 203
159 211 170 211
159 240 170 240
159 243 170 243
159 246 170 246
159 248 170 248
160 1 171 1
160 9 171 9
160 26 171 26
160 53 171 53
160 119 171 119
160 123 171 123
160 155 171 155
160 175 171 175
160 222 171 222
160 224 171 224
160 231 171 231
160 235 171 235
160 239 171 239
161 15 172 15
161 22 172 22
161 25 172 25
161 28 172 28
161 30 172 30
161 36 172 36
161 40 172 40
161 54 172 54
161 55 172 55
161 78 172 78
161 88 172 88
161 93 172 93
161 102 172 102
161 103 172 103
161 113 172 113
161 115 172 115
161 117 172 117
161 126 172 126
161 128 172 128
161 130 172 130
161 134 172 134
161 158 172 158
161 198 172 198
161 204 172 204
161 205 172 205
161 227 172 227
161 232 172 232
161 234 172 234
162 2 173 2
162 3 173 3
162 8 173 8
162 13 173 13
162 19 173 19
162 21 173 21
162 27 173 27
162 39 173 39
162 42 173 42
162 46 173 46
162 48 173 48
162 51 173 51
162 58 173 58
162 70 173 70
162 90 173 90
162 92 173 92
162 110 173 110
162 142 173 142
162 153 173 153
162 179 173 179
162 226 173 226
162 228 173 228
162 230 173 230
162 247 173 247
163 34 174 34
163 68 174 68
163 85 174 85
163 145 174 145
163 151 174 151
163 164 174 164
163 167 174 167
163 171 174 171
163 190 174 190
163 193 174 193
163 194 174 194
163 197 174 197
163 209 174 209
163 213 174 213
163 237 174 237
163 244 174 244
163 245 174 245
164 4 175 4
164 29 175 29
164 47 175 47
164 61 175 61
164 64 175 64
164 80 175 80
164 98 175 98
164 105 175 105
164 125 175 125
164 137 175 137
164 180 175 180
164 181 175 181
164 199 175 199
164 207 175 207
164 229 175 229
164 236 175 236
164 241 175 241
165 11 176 11
165 49 176 49
165 52 176 52
165 56 176 56
165 62 176 62
165 87 176 87
165 95 176 95
165 136 176 136
165 139 176 139
165 156 176 156
165 166 176 166
165 170 176 170
165 177 176 177
165 233 176 233
166 41 177 41
166 59 177 59
166 69 177 69
166 77 177 77
166 86 177 86
166 91 177 91
166 107 177 107
166 116 177 116
166 148 177 148
166 176 177 176
166 201 177 201
166 206 177 206
166 212 177 212
166 215 177 215
166 223 177 223
167 6 178 6
167 23 178 23
167 60 178 60
167 79 178 79
167 89 178 89
167 101 178 101
167 106 178 106
167 146 178 146
167 150 178 150
167 187 178 187
167 202 178 202
167 216 178 216
167 220 178 220
167 221 178 221
167 225 178 225
168 7 179 7
168 10 179 10
168 18 179 18
168 43 179 43
168 94 179 94
168 96 179 96
168 99 179 99
168 100 179 100
168 111 179 111
168 114 179 114
168 138 179 138
168 141 179 141
168 147 179 147
168 149 179 149
168 157 179 157
168 182 179 182
168 188 179 188
168 200 179 200
168 214 179 214
168 217 179 217
169 16 180 16
169 32 180 32
169 44 180 44
169 66 180 66
169 73 180 73
169 74 180 74
169 97 180 97
169 133 180 133
169 143 180 143
169 163 180 163
169 168 180 168
169 173 180 173
169 238 180 238
170 12 181 12
170 45 181 45
170 65 181 65
170 71 181 71
170 72 181 72
170 75 181 75
170 81 181 81
170 82 181 82
170 108 181 108
170 129 181 129
170 144 181 144
170 152 181 152
170 159 181 159
170 162 181 162
170 169 181 169
170 183 181 183
170 185 181 185
170 196 181 196
170 219 181 219
170 249 181 249
171 20 182 20
171 24 182 24
171 31 182 31
171 35 182 35
171 38 182 38
171 50 182 50
171 63 182 63
171 76 182 76
171 83 182 83
171 104 182 104
171 118 182 118
171 127 182 127
171 131 182 131
171 160 182 160
171 165 182 165
171 172 182 172
171 174 182 174
171 184 182 184
171 186 182 186
171 189 182 189
171 191 182 191
171 195 182 195
171 211 182 211
171 218 182 218
171 243 182 243
171 246 182 246
171 248 182 248
172 1 183 1
172 9 183 9
172 26 183 26
172 53 183 53
172 119 183 119
172 120 183 120
172 123 183 123
172 155 183 155
172 161 183 161
172 208 183 208
172 224 183 224
172 231 183 231
172 235 183 235
173 5 184 5
173 15 184 15
173 30 184 30
173 36 184 36
173 40 184 40
173 54 184 54
173 55 184 55
173 57 184 57
173 88 184 88
173 102 184 102
173 103 184 103
173 113 184 113
173 115 184 115
173 117 184 117
173 126 184 126
173 128 184 128
173 130 184 130
173 192 184 192
173 198 184 198
173 204 184 204
173 205 184 205
173 222 184 222
173 232 184 232
173 234 184 234
173 240 184 240
174 2 185 2
174 3 185 3
174 8 185 8
174 13 185 13
174 19 185 19
174 21 185 21
174 27 185 27
174 39 185 39
174 42 185 42
174 46 185 46
174 51 185 51
174 58 185 58
174 70 185 70
174 90 185 90
174 92 185 92
174 93 185 93
174 110 185 110
174 121 185 121
174 142 185 142
174 179 185 179
174 226 185 226
174 228 185 228
174 230 185 230
174 239 185 239
175 33 186 33
175 78 186 78
175 85 186 85
175 134 186 134
175 145 186 145
175 151 186 151
175 154 186 154
175 164 186 164
175 167 186 167
175 171 186 171
175 190 186 190
175 193 186 193
175 194 186 194
175 209 186 209
175 210 186 210
175 213 186 213
175 237 186 237
175 247 186 247
176 4 187 4
176 14 187 14
176 34 187 34
176 47 187 47
176 48 187 48
176 61 187 61
176 64 187 64
176 80 187 80
176 98 187 98
176 105 187 105
176 124 187 124
176 125 187 125
176 137 187 137
176 178 187 178
176 180 187 180
176 181 187 181
176 199 187 199
176 207 187 207
176 229 187 229
176 236 187 236
177 11 188 11
177 49 188 49
177 56 188 56
177 62 188 62
177 87 188 87
177 122 188 122
177 136 188 136
177 139 188 139
177 156 188 156
177 166 188 166
177 177 188 177
177 227 188 227
178 29 189 29
178 41 189 41
178 59 189 59
178 77 189 77
178 86 189 86
178 91 189 91
178 116 189 116
178 176 189 176
178 201 189 201
178 206 189 206
178 212 189 212
178 215 189 215
178 223 189 223
178 233 189 233
179 6 190 6
179 22 190 22
179 23 190 23
179 52 190 52
179 79 190 79
179 89 190 89
179 101 190 101
179 106 190 106
179 109 190 109
179 112 190 112
179 146 190 146
179 150 190 150
179 187 190 187
179 202 190 202
179 203 190 203
179 216 190 216
179 220 190 220
179 221 190 221
179 241 190 241
180 7 191 7
180 10 191 10
180 18 191 18
180 43 191 43
180 67 191 67
180 94 191 94
180 99 191 99
180 111 191 111
180 114 191 114
180 135 191 135
180 141 191 141
180 147 191 147
180 153 191 153
180 157 191 157
180 170 191 170
180 182 191 182
180 188 191 188
180 197 191 197
180 214 191 214
180 245 191 245
181 32 192 32
181 44 192 44
181 69 192 69
181 73 192 73
181 74 192 74
181 84 192 84
181 97 192 97
181 138 192 138
181 143 192 143
181 163 192 163
181 173 192 173
181 200 192 200
181 217 192 217
181 238 192 238
182 12 193 12
182 37 193 37
182 45 193 45
182 71 193 71
182 81 193 81
182 82 193 82
182 96 193 96
182 108 193 108
182 129 193 129
182 140 193 140
182 144 193 144
182 152 193 152
182 159 193 159
182 162 193 162
182 168 193 168
182 169 193 169
182 183 193 183
182 185 193 185
182 196 193 196
182 219 193 219
182 249 193 249
183 20 194 20
183 25 194 25
183 31 194 31
183 35 194 35
183 50 194 50
183 60 194 60
183 63 194 63
183 76 194 76
183 83 194 83
183 104 194 104
183 118 194 118
183 127 194 127
183 131 194 131
183 158 194 158
183 165 194 165
183 172 194 172
183 174 194 174
183 175 194 175
183 184 194 184
183 186 194 186
183 189 194 189
183 195 194 195
183 211 194 211
183 243 194 243
183 248 194 248
184 9 195 9
184 16 195 16
184 107 195 107
184 119 195 119
184 123 195 123
184 132 195 132
184 161 195 161
184 208 195 208
184 224 195 224
184 231 195 231
184 244 195 244
185 5 196 5
185 15 196 15
185 30 196 30
185 40 196 40
185 54 196 54
185 55 196 55
185 57 196 57
185 66 196 66
185 88 196 88
185 95 196 95
185 102 196 102
185 113 196 113
185 115 196 115
185 128 196 128
185 130 196 130
185 192 196 192
185 198 196 198
185 204 196 204
185 205 196 205
185 225 196 225
185 232 196 232
185 234 196 234
185 235 196 235
185 240 196 240
186 13 197 13
186 17 197 17
186 19 197 19
186 21 197 21
186 39 197 39
186 42 197 42
186 51 197 51
186 53 197 53
186 58 197 58
186 70 197 70
186 75 197 75
186 90 197 90
186 92 197 92
186 93 197 93
186 110 197 110
186 121 197 121
186 142 197 142
186 149 197 149
186 179 197 179
186 226 197 226
186 239 197 239
186 246 197 246
187 28 198 28
187 33 198 33
187 46 198 46
187 72 198 72
187 78 198 78
187 85 198 85
187 126 198 126
187 133 198 133
187 134 198 134
187 145 198 145
187 148 198 148
187 151 198 151
187 154 198 154
187 164 198 164
187 171 198 171
187 190 198 190
187 209 198 209
187 210 198 210
187 213 198 213
187 230 198 230
187 237 198 237
187 247 198 247
188 14 199 14
188 34 199 34
188 47 199 47
188 61 199 61
188 64 199 64
188 80 199 80
188 105 199 105
188 124 199 124
188 125 199 125
188 137 199 137
188 178 199 178
188 180 199 180
188 181 199 181
188 193 199 193
188 207 199 207
188 228 199 228
188 236 199 236
189 11 199 11
189 49 199 49
189 56 199 56
189 62 199 62
189 87 199 87
189 122 199 122
189 139 199 139
189 156 199 156
189 177 199 177
190 29 199 29
190 86 199 86
190 91 199 91
190 116 199 116
190 201 199 201
190 206 199 206
190 215 199 215
190 223 199 223
190 233 199 233
191 202 199 202
191 220 199 220
191 221 199 221
65 119 70 120
94 113 99 114
113 121 118 122
136 243 141 244
137 110 142 111
155 32 160 33
186 26 191 27
191 22 196 23
191 241 196 242
192 6 197 7
192 26 197 27
192 111 197 112
192 135 197 136
192 146 197 147
192 187 197 188
193 43 198 44
193 68 198 69
193 73 198 74
193 199 198 200
193 216 198 217
194 2 199 3
194 36 199 37
194 81 199 82
194 108 199 109
194 143 199 144
194 152 199 153
194 167 199 168
194 169 199 170
194 182 199 183
194 196 199 197
12 208 16 209
175 67 179 68
195 31 199 32
195 59 199 60
195 76 199 77
195 103 199 104
195 157 199 158
195 173 199 174
195 175 199 176
195 248 199 249
12 227 15 229
194 96 197 98
195 184 198 186
196 8 199 10
196 99 199 101
196 118 199 120
196 161 199 163
196 243 199 245
197 22 199 25
197 127 199 130
197 203 199 205
198 110 199 115
198 38 199 42
198 238 199 242
199 65 199 75
