4200
0 2 1 7
0 8 1 11
0 12 1 17
0 19 1 24
0 25 1 30
0 31 1 36
0 37 1 40
0 47 1 52
0 53 1 57
0 67 1 72
0 73 1 77
0 78 1 82
0 83 1 86
0 94 1 99
0 103 1 108
0 110 1 115
0 116 1 121
0 122 1 127
0 128 1 133
0 135 1 140
0 141 1 144
0 145 1 149
0 150 1 155
0 156 1 160
0 167 1 172
0 173 1 177
0 178 1 183
0 189 1 194
0 205 1 210
0 211 1 216
0 217 1 220
0 221 1 226
0 231 2 234
0 239 2 242
1 41 2 46
1 58 2 62
0 63 2 66
1 87 2 91
1 161 2 165
0 227 2 230
0 235 2 238
1 243 2 248
2 1 3 6
2 7 3 12
2 13 3 17
2 18 4 21
2 24 3 28
2 29 3 34
2 35 3 40
2 48 3 53
2 54 3 57
2 74 3 79
2 80 3 83
2 94 3 98
2 99 3 104
2 105 4 108
2 111 3 116
2 117 3 121
2 122 3 127
2 135 3 140
2 141 3 145
2 146 3 149
2 150 3 154
2 155 3 160
2 176 3 181
2 182 3 187
2 188 3 192
2 200 3 205
2 206 3 211
2 212 3 217
2 218 3 223
3 42 4 47
3 58 4 63
3 64 4 69
3 162 4 167
3 168 4 171
3 172 4 175
3 193 5 196
3 224 5 227
3 228 4 233
3 234 4 239
3 244 4 249
4 1 5 6
4 9 5 13
4 14 5 17
4 24 5 28
4 33 5 36
4 52 5 57
4 70 6 73
4 78 5 83
4 86 5 91
4 92 5 96
4 97 5 102
4 110 5 113
4 114 5 119
4 120 5 124
4 125 6 128
4 129 6 132
4 133 5 136
4 137 5 142
4 145 5 150
4 151 5 155
4 156 5 161
4 176 5 181
4 183 5 188
4 189 5 192
4 197 5 200
4 201 5 206
4 207 5 211
4 212 5 215
4 216 6 219
4 29 6 32
4 37 6 40
5 59 7 62
4 74 6 77
5 162 6 166
5 167 6 171
5 172 6 175
4 220 6 223
5 231 6 236
5 239 6 244
5 245 6 249
6 1 7 6
6 13 7 18
6 22 8 25
6 33 7 36
6 41 7 44
6 49 7 53
6 54 7 58
5 63 7 66
6 78 7 81
6 82 7 85
6 86 7 91
6 93 7 98
6 100 7 105
6 112 7 117
6 118 7 121
6 133 7 137
6 141 7 146
6 147 7 150
6 151 7 155
6 156 7 160
6 180 7 185
6 186 7 189
6 203 7 208
6 209 7 212
6 227 8 230
7 26 8 30
6 45 8 48
7 67 8 72
7 73 8 76
7 122 8 125
7 126 8 129
7 161 8 164
7 173 8 177
7 193 8 198
6 199 8 202
7 231 8 235
8 3 9 8
7 9 9 12
8 13 9 17
8 18 9 21
8 31 9 35
8 40 9 44
8 52 9 57
8 61 9 66
8 77 9 82
8 83 9 88
8 89 9 93
8 94 9 99
8 101 9 106
8 107 9 111
8 112 9 115
8 116 9 121
8 130 9 133
8 139 9 144
8 149 9 154
8 155 9 159
8 168 9 172
8 178 9 181
8 182 9 186
8 187 9 190
8 204 9 209
8 210 9 215
8 236 9 241
8 242 9 245
9 24 11 27
9 46 10 51
9 69 10 74
8 134 10 137
9 160 11 163
9 164 10 167
9 191 11 194
9 200 11 203
8 216 10 219
9 220 10 225
9 231 10 235
8 246 10 249
10 2 11 7
10 8 11 11
10 12 11 15
10 28 11 31
10 32 11 35
10 40 11 45
10 52 11 57
10 60 11 65
10 78 11 82
10 83 11 88
10 89 11 94
10 95 11 98
10 109 11 113
10 114 11 119
10 120 11 124
10 128 11 133
10 139 11 144
10 145 11 149
10 171 12 174
10 179 11 184
10 185 11 190
10 195 11 199
10 204 11 209
10 227 12 230
10 240 11 245
11 18 12 23
11 66 12 70
11 71 12 74
11 99 12 104
11 134 12 137
11 153 12 158
11 165 12 170
10 175 12 178
11 211 12 215
11 216 12 220
11 221 12 226
11 231 12 235
12 1 14 4
12 5 13 8
12 24 13 27
12 37 14 40
12 41 13 46
12 51 13 54
12 61 13 65
12 79 13 84
12 85 13 90
12 92 13 97
12 106 13 110
12 111 13 116
12 121 13 124
12 139 13 144
12 145 13 150
12 179 13 183
12 184 13 188
12 189 13 193
12 194 13 199
12 200 13 205
12 206 13 210
12 240 13 245
13 10 14 14
13 17 14 22
13 31 14 36
12 47 14 50
13 55 15 58
13 66 14 71
13 72 14 76
13 101 14 105
12 117 14 120
13 134 15 137
13 151 14 154
13 155 15 158
13 166 14 171
13 172 14 177
13 219 14 224
13 226 14 231
13 232 14 235
14 5 15 9
14 23 15 26
14 43 16 46
14 51 15 54
14 61 15 65
14 79 15 84
14 85 16 88
14 93 15 98
14 124 15 129
14 130 16 133
14 142 15 147
14 159 15 164
14 178 16 181
14 186 15 191
14 203 15 208
14 209 16 212
14 237 15 242
15 0 16 4
15 11 16 14
15 27 16 31
15 32 16 36
15 37 16 42
15 47 17 50
15 69 17 72
15 89 17 92
15 101 16 104
15 105 16 108
15 109 17 112
15 113 16 116
15 117 16 120
15 148 16 152
15 166 16 171
15 172 16 177
14 182 16 185
15 194 16 198
15 199 17 202
15 213 16 218
15 219 16 223
15 224 16 227
15 243 16 248
16 5 17 10
16 18 17 22
16 23 17 26
16 51 17 56
16 58 17 63
16 64 17 68
15 73 17 76
16 79 17 84
16 93 17 98
16 123 17 128
16 137 17 142
16 143 17 147
16 153 17 158
16 160 17 165
16 188 17 193
16 203 17 208
17 0 18 4
17 14 19 17
17 27 18 31
17 38 19 41
17 42 18 46
17 99 18 102
17 103 18 107
17 115 18 120
17 129 18 132
17 133 18 136
17 168 18 173
17 174 18 178
17 179 18 183
17 184 18 187
17 209 18 212
17 213 18 216
17 217 18 220
17 232 19 235
17 236 19 239
18 5 20 8
18 18 19 21
18 22 19 26
18 47 19 51
18 52 19 55
18 56 19 60
18 61 19 64
18 65 19 70
18 75 19 80
18 81 19 85
18 86 19 91
18 108 19 113
18 124 19 127
18 146 20 149
18 150 19 155
18 158 19 163
18 164 19 167
18 188 19 193
17 194 19 197
18 198 19 203
18 226 19 231
18 240 19 245
17 246 19 249
19 1 21 4
19 9 20 13
19 27 20 31
18 34 20 37
19 42 20 46
19 95 20 100
19 101 20 106
19 118 20 123
19 137 20 142
19 172 20 177
19 182 20 187
19 205 20 209
19 214 20 217
19 218 20 223
20 14 21 17
20 18 21 21
20 22 21 26
20 48 21 53
20 55 21 60
20 63 21 68
20 69 21 73
20 78 21 83
20 87 21 92
20 107 21 111
20 112 21 117
20 124 21 128
20 129 21 134
20 154 21 159
20 160 21 163
20 164 21 169
20 189 21 194
20 195 21 200
20 201 22 204
19 210 21 213
20 226 21 229
20 230 21 233
20 239 21 244
20 245 21 249
21 5 23 8
21 9 22 13
21 27 22 31
21 32 22 35
21 36 22 39
20 74 22 77
21 93 22 97
21 98 22 101
21 118 22 123
21 135 22 138
21 139 22 142
21 170 22 175
21 179 22 184
21 205 22 209
21 216 22 220
21 221 22 224
21 234 22 238
22 0 23 4
22 15 23 20
22 21 23 26
22 51 23 56
22 57 23 60
22 63 23 67
22 68 23 72
22 78 23 82
22 102 23 106
22 107 23 111
22 112 23 117
22 128 23 133
21 143 23 146
21 147 23 150
22 151 23 154
22 155 24 158
22 159 23 163
22 164 23 169
22 185 23 189
22 190 23 195
22 196 23 200
22 211 23 215
22 227 23 232
22 239 23 244
23 35 24 38
23 43 24 47
23 73 24 76
23 85 24 89
23 96 24 101
23 118 25 121
23 134 24 137
23 138 24 142
23 175 24 180
23 181 24 184
23 201 24 206
23 207 24 210
23 219 24 224
23 234 24 238
24 1 25 6
24 8 25 13
24 18 25 22
24 23 25 26
23 39 25 42
24 48 25 51
24 52 25 57
24 66 25 71
24 90 25 95
24 102 25 106
24 107 25 111
24 112 25 117
24 124 25 128
24 129 25 133
24 144 25 149
24 150 25 154
24 160 25 165
24 166 25 170
24 226 25 229
24 230 25 233
24 239 25 244
25 30 27 33
25 34 26 38
25 59 26 64
25 72 26 77
25 78 26 82
25 83 26 88
25 96 26 101
25 134 26 137
25 138 26 141
24 171 26 174
25 175 26 179
25 180 26 184
25 185 27 188
25 189 26 193
25 198 26 203
25 204 26 209
25 212 26 217
25 219 27 222
25 234 26 238
26 1 27 6
26 19 27 24
26 25 27 29
26 39 27 42
26 54 27 58
26 65 28 68
26 89 27 94
26 113 27 118
26 127 28 130
26 142 27 147
26 151 27 156
26 157 27 162
26 164 28 167
25 194 27 197
26 223 27 228
26 230 28 233
27 7 28 11
27 12 28 15
27 43 28 48
27 49 28 53
27 59 28 64
27 69 28 74
27 75 28 79
27 95 28 99
27 104 28 109
27 119 28 124
27 168 28 172
27 173 28 178
27 179 28 183
27 204 28 209
27 210 28 213
27 214 28 217
27 239 29 242
26 243 28 246
28 3 30 6
28 20 29 24
28 25 29 29
28 30 29 35
28 37 29 42
28 55 29 58
28 83 29 88
28 89 29 94
27 100 29 103
28 110 29 115
28 138 29 143
28 144 29 149
28 150 29 154
28 184 29 189
28 190 29 195
28 196 29 199
27 200 29 203
28 218 29 223
28 224 29 228
28 234 29 238
29 9 30 14
29 16 31 19
29 45 30 50
29 51 31 54
29 61 30 66
29 67 30 70
29 73 30 78
29 95 30 99
29 116 30 119
29 120 30 124
29 129 30 134
29 155 30 160
29 161 30 164
29 169 30 173
29 174 30 179
29 205 30 210
29 212 30 217
29 229 30 232
29 244 30 249
30 21 31 26
30 33 31 38
30 39 31 44
30 55 31 60
30 79 31 83
30 84 31 89
30 90 32 93
30 102 31 107
30 135 31 138
30 139 31 143
30 144 31 147
30 148 31 153
29 165 31 168
30 185 31 190
30 191 31 196
30 197 32 200
30 201 31 204
30 218 31 221
30 222 31 225
30 233 31 236
30 237 31 240
31 2 32 7
31 12 32 15
31 61 32 64
31 65 32 70
31 73 32 77
31 94 33 97
31 98 32 101
31 108 33 111
31 112 32 117
31 118 32 121
31 122 32 125
31 130 32 134
31 159 32 164
31 170 32 175
31 176 32 179
31 208 32 213
31 226 32 229
31 241 32 244
31 245 32 249
32 8 34 11
32 16 33 19
32 20 33 24
32 25 33 28
32 34 33 39
32 40 34 43
32 44 33 47
32 48 33 53
32 55 34 58
32 78 33 81
32 82 33 85
32 86 34 89
32 126 34 129
32 136 33 141
32 144 34 147
32 148 34 151
32 165 33 169
32 184 33 188
32 201 33 205
32 214 33 218
32 219 33 223
32 230 33 233
32 235 33 240
33 12 35 15
32 29 34 32
33 59 34 64
33 71 35 74
33 90 34 93
33 100 34 105
33 112 34 116
33 117 34 121
33 122 35 125
33 152 34 157
33 158 34 163
33 170 34 175
33 178 34 183
32 189 34 192
33 224 34 229
34 18 35 23
34 24 35 27
34 33 35 38
34 45 35 50
34 51 36 54
34 65 35 70
34 75 35 78
34 79 36 82
34 106 35 111
34 131 35 136
34 137 35 141
34 193 36 196
33 197 35 200
34 201 35 205
34 208 35 212
34 213 35 217
34 230 35 233
34 235 35 238
34 240 35 243
34 246 36 249
35 5 36 10
35 28 36 32
35 41 37 44
35 55 36 58
35 83 36 87
35 88 36 92
35 93 36 96
35 97 36 102
35 112 36 117
35 118 36 121
35 126 36 130
35 144 36 147
35 148 36 151
35 160 36 163
35 164 36 169
35 170 36 173
35 176 36 179
35 188 36 192
34 218 36 221
35 224 36 229
36 0 37 4
36 17 37 22
36 37 37 40
36 59 38 62
36 63 38 66
36 67 37 70
36 71 37 74
36 75 38 78
36 104 37 109
36 133 37 138
35 180 37 183
35 184 37 187
36 197 37 200
36 201 37 204
36 212 38 215
36 235 38 238
36 240 37 243
37 8 38 13
37 25 38 30
37 31 38 34
37 47 38 52
37 53 38 58
37 80 38 85
37 86 38 89
37 90 38 93
37 94 38 97
37 98 38 103
37 118 38 122
37 123 38 128
37 143 38 148
37 149 38 153
37 154 38 159
37 176 39 179
37 193 39 196
37 205 39 208
37 216 38 219
37 226 38 231
37 245 38 249
38 2 39 7
38 14 39 17
38 18 39 22
38 38 39 43
38 68 39 73
38 106 39 110
38 111 39 116
38 129 39 134
38 135 39 138
37 139 39 142
38 161 40 164
38 181 39 186
38 187 39 190
38 197 39 201
38 220 39 225
38 240 39 243
39 10 40 13
39 28 40 33
39 44 40 49
39 51 40 56
39 84 40 88
39 89 40 94
39 96 40 101
39 102 40 105
39 118 40 123
39 125 41 128
39 148 40 152
39 153 40 156
39 157 40 160
38 165 40 168
39 171 40 175
39 213 40 218
39 227 40 231
39 235 41 238
39 245 40 249
40 5 41 9
40 14 41 18
40 19 41 24
40 34 41 39
40 60 41 65
40 66 41 71
40 74 41 79
39 80 41 83
40 109 41 113
40 129 41 132
40 133 41 138
40 139 41 144
40 182 41 185
40 186 41 190
40 195 41 200
40 204 41 209
40 219 41 222
40 223 41 226
40 240 42 243
41 0 42 4
41 28 42 33
41 43 42 48
41 50 42 55
41 84 42 89
41 90 42 95
41 96 42 100
41 101 42 104
41 105 42 108
41 114 42 118
41 119 42 124
41 149 42 154
41 156 42 161
41 162 42 167
41 168 42 172
41 173 42 177
41 178 43 181
41 210 42 215
41 227 42 230
41 231 42 234
41 244 42 249
42 5 43 10
42 13 43 18
42 22 43 27
42 35 43 40
41 56 43 59
42 64 43 69
42 70 43 73
42 74 43 77
42 78 43 82
42 109 43 112
42 125 43 129
42 132 43 135
42 136 43 139
42 140 44 143
42 183 43 188
42 193 43 198
42 204 43 209
42 218 43 223
42 236 44 239
43 0 44 4
43 30 44 34
43 49 44 54
42 60 44 63
43 83 44 88
43 89 44 92
43 93 44 96
43 97 44 101
43 102 45 105
43 113 44 118
43 119 44 124
43 144 44 149
43 150 44 155
43 160 44 165
43 166 44 171
43 189 44 192
43 199 44 203
43 211 44 216
43 226 45 229
43 240 44 243
44 15 45 19
44 20 45 25
44 26 46 29
44 35 45 39
44 55 45 59
44 66 45 71
44 72 45 77
44 78 45 82
44 106 46 109
44 125 45 129
44 133 45 138
44 172 45 177
44 181 45 186
44 193 45 197
44 218 45 223
43 230 45 233
44 244 45 249
45 0 46 5
45 6 46 10
45 11 46 14
45 30 46 34
45 40 46 43
45 46 46 49
45 50 46 53
45 60 46 65
45 90 46 95
45 96 47 99
45 110 46 113
45 114 46 119
45 120 46 124
45 141 46 146
45 147 46 152
45 155 46 160
45 162 46 167
45 168 47 171
45 187 47 190
45 198 46 201
45 202 46 205
45 206 46 211
45 236 46 240
46 16 47 21
46 22 47 25
46 35 47 39
46 54 47 58
46 66 47 71
46 72 48 75
46 80 48 83
46 84 48 87
46 100 47 104
46 125 47 130
46 131 47 134
46 135 47 138
46 172 47 176
46 181 47 186
46 191 47 196
45 212 47 215
46 220 47 224
46 225 47 229
46 230 47 233
46 246 48 249
47 2 48 7
47 26 48 30
47 40 48 43
47 48 48 53
47 59 48 64
46 76 48 79
47 88 48 91
47 92 48 95
47 105 48 110
47 111 48 116
47 119 48 124
47 144 48 149
47 150 48 154
47 155 48 159
47 164 49 167
46 177 48 180
47 198 48 202
47 203 48 206
47 207 49 210
46 216 48 219
47 236 48 240
48 8 49 12
48 20 49 25
48 31 49 35
48 36 49 39
48 96 49 101
48 125 49 130
48 131 49 134
48 135 49 138
47 160 49 163
48 170 49 175
48 181 49 186
48 188 49 193
48 194 49 197
48 211 49 215
48 224 49 229
48 230 49 235
49 1 50 6
49 13 50 18
49 41 50 44
49 54 50 59
49 64 50 69
49 72 50 75
49 76 50 81
49 82 50 85
49 90 50 95
49 108 51 111
49 116 50 120
49 121 50 124
49 140 50 145
49 146 50 151
49 152 50 156
49 176 50 180
49 198 50 202
49 203 50 206
49 245 50 249
50 7 52 10
50 22 51 27
50 28 51 32
50 45 51 49
49 60 51 63
50 86 52 89
50 96 51 101
50 102 51 107
50 112 52 115
50 126 51 131
50 132 51 137
50 157 52 160
50 161 51 164
50 165 51 168
50 169 51 172
50 181 51 186
50 187 52 190
50 191 52 194
50 208 51 213
50 220 51 224
50 225 51 230
50 231 51 234
50 239 52 242
51 1 52 6
51 11 52 15
51 16 52 21
51 33 52 38
51 39 52 44
51 54 52 59
51 65 52 69
51 73 52 78
51 79 52 84
51 90 52 95
51 116 52 121
51 122 53 125
51 138 52 141
51 142 52 146
51 147 52 150
51 173 52 178
51 195 52 198
51 203 53 206
50 214 52 217
51 243 52 248
52 26 53 31
52 45 53 49
52 61 54 64
52 99 53 104
52 105 53 110
52 126 53 131
52 151 53 156
52 161 53 164
52 165 53 168
52 169 53 172
51 199 53 202
52 207 53 210
52 220 53 225
52 226 53 229
52 230 53 234
53 3 54 8
53 14 54 19
53 20 54 24
53 32 54 37
53 38 54 41
53 65 54 69
53 70 54 73
53 74 54 79
53 80 54 84
53 85 55 88
53 89 54 92
53 93 54 96
53 111 54 116
53 117 54 121
52 132 54 135
53 136 54 141
53 145 54 150
53 157 54 160
53 176 54 181
52 182 54 185
53 186 54 189
53 194 54 198
53 211 54 214
53 215 55 218
53 245 54 249
54 9 55 13
54 25 56 28
54 42 55 47
54 48 55 52
54 97 55 100
54 101 55 105
54 124 56 127
54 151 55 156
54 161 55 166
54 167 55 170
54 171 55 175
53 190 55 193
54 199 55 204
54 205 55 210
54 219 55 224
54 227 55 232
54 239 55 244
55 1 56 6
55 19 56 24
55 29 56 34
55 35 56 40
55 53 56 58
55 59 56 64
55 67 56 72
55 78 56 82
55 91 56 95
54 106 56 109
55 110 56 113
55 114 56 119
55 120 56 123
55 136 56 140
55 141 56 144
55 157 56 160
55 177 56 182
55 183 56 186
55 194 56 197
55 211 56 214
55 245 56 249
56 41 57 44
56 73 57 77
56 83 58 86
56 87 57 90
56 96 57 101
56 130 57 135
55 145 57 148
56 151 57 155
56 163 57 168
56 187 57 190
56 198 57 201
56 204 57 209
56 220 57 225
56 232 57 237
56 238 57 243
57 6 58 11
57 12 58 15
57 16 58 21
57 24 58 29
57 34 58 38
57 45 58 50
57 51 58 55
57 56 58 59
57 60 58 65
57 66 58 70
57 78 58 82
57 102 58 107
57 108 58 112
57 113 58 117
57 118 58 121
57 122 58 125
57 126 59 129
57 138 58 143
57 156 58 161
57 170 58 175
57 176 58 181
57 183 59 186
57 191 58 195
57 213 58 218
56 226 58 229
58 0 59 5
58 30 60 33
58 39 59 44
58 71 59 74
58 87 59 92
58 93 59 96
58 97 60 100
58 144 59 148
58 151 59 155
58 162 59 167
58 187 59 190
58 196 59 201
58 206 60 209
58 219 59 223
58 239 59 243
59 10 60 15
59 16 60 21
59 24 60 29
59 34 60 38
59 51 60 56
59 59 60 64
59 65 60 69
59 75 60 78
59 79 60 84
59 101 60 106
59 111 60 116
59 120 60 125
59 132 60 136
59 168 60 173
59 174 60 177
59 178 60 182
59 191 60 195
59 210 60 215
59 225 60 230
59 231 60 234
59 235 61 238
59 244 61 247
60 1 61 6
60 45 61 50
60 70 61 74
60 85 62 88
60 126 62 129
59 137 61 140
60 141 61 144
60 145 61 148
60 149 61 153
60 154 61 157
59 158 61 161
60 162 61 167
60 184 61 189
60 200 61 205
60 216 61 219
60 239 61 243
61 7 62 12
61 13 62 18
61 19 62 22
61 23 63 26
61 33 62 38
61 39 62 43
61 51 62 56
61 75 62 80
61 81 62 84
60 89 62 92
61 103 63 106
61 112 62 117
61 120 62 125
61 172 62 177
61 193 63 196
61 206 63 209
60 220 62 223
61 225 63 228
61 229 62 232
62 2 64 5
62 27 63 31
62 44 63 49
62 59 63 63
62 64 63 67
62 68 63 73
62 97 63 102
62 107 63 111
62 132 63 137
62 138 63 142
62 152 63 157
62 158 64 161
62 162 63 166
62 167 63 171
62 182 63 187
62 188 63 192
62 197 63 200
62 201 63 205
61 210 63 213
62 214 63 219
62 233 63 237
62 240 63 245
63 6 64 9
63 10 64 14
63 15 65 18
63 19 65 22
63 32 64 37
63 38 64 43
63 50 65 53
63 75 65 78
63 82 64 87
63 88 64 92
63 114 64 117
63 122 64 126
63 127 64 131
63 146 64 151
63 172 64 176
63 220 65 223
63 229 64 232
63 246 65 249
64 44 65 49
63 54 65 57
64 58 65 63
64 64 65 69
64 94 65 97
64 106 65 111
64 132 65 136
64 137 65 142
64 163 65 168
64 177 65 181
64 182 65 187
64 191 65 196
64 199 65 204
64 205 65 208
64 209 65 214
64 225 65 228
64 240 65 245
65 8 66 13
64 23 66 26
65 27 66 32
65 36 66 41
65 70 67 73
65 81 66 85
65 86 66 89
65 90 67 93
65 98 66 101
65 102 66 105
65 114 66 119
65 122 66 127
65 145 66 150
65 151 66 154
65 155 67 158
65 171 66 176
65 229 67 232
65 233 66 237
66 19 68 22
66 42 67 46
66 47 67 52
66 54 67 59
66 60 67 65
66 74 67 78
66 94 68 97
66 106 67 109
66 130 67 135
66 136 67 139
66 140 67 143
65 159 67 162
66 165 67 170
66 179 67 183
66 184 67 187
66 193 67 198
66 200 67 205
66 206 67 209
66 210 67 213
66 214 67 217
66 218 67 222
66 223 67 228
66 239 67 244
67 1 68 6
67 7 68 10
67 11 68 14
66 15 68 18
67 23 68 26
67 27 68 30
66 66 68 69
67 79 68 84
67 85 68 89
67 99 68 104
67 110 68 115
67 116 68 120
67 121 68 124
67 125 69 128
67 144 68 149
67 150 68 154
67 171 68 176
66 188 68 191
67 235 69 238
67 245 68 249
68 31 69 36
68 49 69 52
68 53 69 56
68 57 69 61
68 62 69 65
68 73 69 78
68 105 69 109
68 129 70 132
68 137 69 141
68 157 69 162
68 167 70 170
68 181 69 186
68 192 69 195
68 196 69 199
68 205 69 210
68 211 69 215
68 216 69 221
68 225 70 228
68 239 70 242
69 0 70 4
69 5 70 9
69 10 70 13
69 14 70 17
69 18 71 21
69 38 70 43
69 44 70 48
69 68 71 71
69 79 70 83
69 84 70 89
68 90 70 93
69 99 70 104
69 111 71 114
69 119 70 124
68 133 70 136
69 144 70 148
69 171 70 176
69 187 70 191
69 200 70 204
69 229 70 234
69 243 70 246
70 22 71 25
70 26 71 31
70 32 71 37
70 51 71 55
70 56 71 59
70 60 71 65
70 72 71 75
70 94 72 97
70 105 71 110
69 115 71 118
70 125 71 128
70 138 71 141
70 159 72 162
70 177 71 182
70 192 71 196
70 206 71 211
70 212 71 217
70 219 71 224
71 4 73 7
71 8 72 13
71 14 72 17
71 39 72 44
71 45 72 50
71 78 72 83
71 84 72 88
71 89 72 93
71 98 73 101
71 119 72 124
71 134 73 137
71 147 72 152
71 163 73 166
71 167 72 170
71 171 72 174
71 184 73 187
71 227 72 232
71 241 72 246
72 18 73 23
72 24 73 29
72 30 73 34
72 35 73 38
72 55 73 60
72 65 73 70
72 71 73 75
72 102 74 105
72 110 73 113
72 114 73 118
72 125 73 129
71 130 73 133
72 140 73 145
72 175 73 179
72 191 73 196
72 199 73 204
72 205 73 208
72 209 73 212
72 213 73 216
72 217 73 220
72 237 74 240
73 8 74 11
73 12 74 16
73 45 74 48
73 49 75 52
73 61 75 64
73 78 74 83
73 87 74 92
73 106 75 109
73 151 74 156
73 159 74 162
73 169 74 172
73 180 75 183
73 221 74 225
73 226 74 231
73 232 74 236
73 241 74 246
74 17 76 20
74 25 75 30
74 31 75 34
74 39 75 44
74 55 75 60
74 70 75 75
74 120 75 125
74 126 75 130
74 131 75 135
74 138 75 143
74 144 76 147
74 163 75 166
74 173 75 178
74 191 76 194
74 195 75 199
74 200 75 203
74 204 75 207
74 208 75 213
74 214 75 219
75 3 76 8
75 9 76 12
74 21 76 24
75 45 76 48
75 65 76 69
75 76 76 79
75 80 76 83
75 89 76 94
75 95 76 100
75 101 76 105
75 116 77 119
75 148 76 153
75 159 76 162
75 169 76 172
75 184 76 189
75 220 76 225
75 227 76 232
75 236 76 241
75 242 76 247
75 13 77 16
76 26 77 30
76 31 77 34
76 50 77 54
76 59 77 62
76 106 77 110
76 111 77 115
76 124 77 129
76 130 77 135
76 138 77 143
76 163 78 166
76 176 77 181
76 195 77 200
76 201 77 205
76 210 77 215
76 216 77 219
77 18 78 21
77 22 79 25
77 37 78 41
77 42 78 45
77 46 78 49
76 55 78 58
77 73 78 78
77 80 78 85
77 89 78 94
77 95 78 100
77 101 78 105
77 159 78 162
77 167 78 171
77 172 78 175
77 182 78 185
77 186 78 189
76 206 78 209
77 228 78 232
77 233 78 238
77 240 79 243
77 244 78 249
78 5 79 10
78 14 80 17
78 26 79 30
78 31 79 35
78 50 79 54
78 59 79 64
78 66 79 71
78 108 79 113
78 117 79 122
78 123 80 126
78 131 79 136
78 137 79 141
78 142 79 145
78 150 79 155
78 176 79 181
78 190 79 195
78 200 79 205
78 216 79 221
78 222 79 227
79 18 80 21
79 36 80 40
79 41 80 44
79 45 80 49
79 55 80 58
79 72 80 77
79 78 80 83
79 89 80 94
79 95 80 98
79 99 80 104
79 127 81 130
79 146 81 149
79 167 80 172
79 206 80 211
79 228 80 232
79 233 80 238
80 5 82 8
80 23 81 28
80 50 81 54
80 59 81 63
80 64 81 67
80 84 81 88
80 108 81 111
80 112 81 115
80 116 81 121
80 131 81 134
80 135 81 139
80 140 81 145
80 150 81 155
80 159 81 163
80 173 81 178
80 180 81 185
80 186 81 189
80 190 81 195
80 196 81 201
80 202 81 205
80 212 81 217
80 240 82 243
80 244 81 249
80 9 82 12
81 13 82 16
81 17 82 20
81 29 82 34
81 35 82 39
81 40 82 43
81 44 82 49
81 55 83 58
81 68 83 71
81 76 82 81
81 90 82 95
81 96 82 101
81 102 82 105
81 166 82 171
81 206 82 210
81 225 82 230
81 231 82 234
81 235 82 239
82 0 83 4
82 21 83 24
82 25 83 28
82 50 83 54
82 60 84 63
82 64 84 67
82 72 84 75
82 82 83 87
82 109 83 114
82 115 83 119
82 120 83 124
82 125 83 128
82 129 83 134
82 135 83 140
82 142 83 147
82 149 83 154
82 155 83 159
82 172 83 175
82 176 83 180
82 181 83 186
82 187 83 192
82 193 84 196
82 197 83 201
82 202 83 205
82 211 83 215
82 221 84 224
82 244 83 249
83 8 84 13
83 14 84 17
83 37 84 42
83 44 84 49
83 76 84 81
83 88 84 93
83 95 84 100
83 101 84 104
83 105 85 108
82 160 84 163
83 216 84 220
83 226 84 231
83 234 84 239
83 240 84 243
84 1 85 6
84 18 85 23
84 25 86 28
83 33 85 36
84 51 85 54
84 68 86 71
84 82 85 87
84 131 85 136
84 144 85 149
84 150 85 153
84 154 85 159
84 164 85 169
84 170 85 174
84 175 85 180
84 181 85 186
84 187 85 192
84 201 85 206
84 244 85 249
85 7 86 12
85 13 86 17
85 29 87 32
85 45 86 50
85 55 87 58
85 59 87 62
85 72 86 77
85 78 87 81
85 90 86 95
85 96 86 100
85 101 87 104
85 109 86 114
85 115 86 120
84 137 86 140
85 160 86 163
85 194 86 199
84 209 86 212
85 215 87 218
85 219 86 224
85 225 86 229
85 230 86 234
85 235 87 238
85 239 86 242
86 1 87 6
86 19 87 24
86 36 88 39
85 40 87 43
86 51 87 54
86 63 87 67
86 84 87 89
86 105 87 108
86 121 87 126
86 127 87 132
86 150 87 155
86 170 87 175
86 176 87 180
86 181 87 185
86 186 87 189
86 190 87 193
86 201 87 206
86 243 87 248
87 7 88 12
87 13 88 18
87 25 88 28
87 46 88 49
87 70 88 75
87 95 88 100
87 109 88 113
87 114 88 119
87 134 88 138
87 139 88 143
87 144 88 149
87 156 88 161
87 162 88 167
87 195 88 200
87 207 88 212
87 223 88 228
87 229 88 234
87 239 89 242
88 19 89 24
88 40 89 43
88 53 89 58
88 59 89 62
88 64 89 68
88 76 89 80
88 81 89 86
88 87 89 90
88 103 89 108
88 120 89 123
88 124 89 127
88 129 89 133
88 150 89 153
88 168 89 172
88 173 89 176
88 177 89 182
88 183 89 188
88 189 89 194
88 201 89 206
88 217 89 222
88 244 89 249
89 6 90 11
89 25 90 28
88 29 90 32
89 46 90 49
89 69 90 73
89 135 90 140
89 141 90 146
89 154 90 157
89 158 90 163
89 164 91 167
89 195 90 198
89 207 90 211
89 212 90 215
89 228 90 233
89 234 91 237
90 0 91 5
90 19 91 24
90 33 91 37
90 38 91 43
90 52 91 56
90 57 91 62
90 64 91 68
90 74 91 78
90 79 91 84
90 87 91 92
90 93 91 97
90 98 91 101
90 102 92 105
90 112 91 117
90 119 91 124
90 129 91 134
90 148 91 153
90 168 91 173
90 174 91 179
90 199 91 202
90 203 91 206
90 216 91 220
90 238 91 241
90 242 92 245
90 246 91 249
91 7 92 12
91 13 92 18
91 44 92 48
91 69 92 73
90 106 92 109
91 136 92 141
91 144 93 147
91 155 92 160
91 180 92 185
91 186 92 190
91 195 93 198
91 209 92 214
90 221 92 224
92 29 93 33
92 34 93 38
92 49 93 54
92 55 93 58
92 59 94 62
92 65 94 68
92 82 93 87
92 88 93 93
92 95 94 98
92 110 93 113
92 114 93 119
92 120 93 125
92 129 94 132
92 163 93 166
92 167 93 171
92 172 93 175
92 176 94 179
91 191 93 194
92 199 93 203
92 204 93 208
92 236 93 241
93 10 94 15
93 16 94 19
93 20 94 24
92 25 94 28
92 39 94 42
93 43 94 46
93 69 94 72
93 73 94 78
93 99 95 102
93 103 94 108
93 133 94 138
93 139 94 143
93 149 94 154
93 180 95 183
93 184 94 189
93 211 94 216
93 219 94 224
93 230 94 235
93 242 94 246
94 4 96 7
94 29 96 32
94 55 96 58
94 79 95 82
94 83 95 88
94 89 95 93
94 111 95 116
94 117 95 122
94 123 95 127
94 144 95 148
94 155 95 158
94 159 95 164
94 165 95 168
94 169 95 173
94 190 95 194
94 207 95 210
93 225 95 228
95 8 96 11
95 12 96 15
95 24 96 28
95 33 96 38
95 40 96 45
95 46 96 50
95 51 96 54
95 59 96 62
95 64 96 68
95 69 96 73
95 74 96 78
95 94 97 97
95 103 96 106
95 107 96 110
95 133 96 138
95 139 96 143
95 149 96 154
95 174 96 179
95 195 97 198
95 199 96 202
95 203 96 206
95 212 96 216
95 219 96 224
95 229 96 232
95 233 96 238
95 239 96 244
96 80 97 85
96 88 97 93
96 98 97 102
96 114 97 119
96 144 97 147
96 158 97 163
96 167 97 172
96 180 97 185
96 186 97 190
96 191 97 194
96 207 97 211
96 225 97 228
96 245 97 249
97 9 99 12
97 13 99 16
97 17 98 20
97 21 98 24
97 25 98 28
97 29 98 34
97 35 98 40
97 41 98 45
97 46 98 49
97 50 98 54
97 59 98 63
97 64 98 69
97 72 98 77
97 105 98 110
96 120 98 123
97 124 98 129
97 130 98 135
97 136 98 139
97 148 98 153
97 154 98 157
97 174 98 179
97 229 98 234
97 239 98 244
98 3 99 8
97 55 99 58
98 80 99 84
98 90 100 93
98 99 99 104
98 111 99 116
98 162 99 167
98 169 100 172
98 186 100 189
98 198 99 202
98 207 100 210
98 211 99 214
98 215 99 220
98 223 99 228
97 235 99 238
99 17 100 22
99 23 100 27
99 28 100 33
99 34 100 39
99 44 100 49
99 60 100 64
99 73 100 77
99 85 100 89
98 94 100 97
99 105 100 110
99 117 100 121
99 126 100 130
99 131 100 134
99 137 100 140
99 150 100 155
99 156 100 161
99 173 101 176
99 181 100 185
99 203 101 206
99 242 100 247
100 3 101 8
100 9 101 12
100 13 101 16
100 50 101 55
100 56 101 59
100 80 101 84
100 98 101 103
100 112 101 116
99 122 101 125
100 141 101 145
100 163 101 168
99 177 101 180
99 190 101 193
100 196 101 201
100 211 101 214
100 215 101 218
100 225 101 230
99 231 101 234
100 235 101 238
101 17 102 22
101 23 102 28
101 29 102 33
101 34 102 37
101 38 102 43
101 44 102 48
101 60 102 64
101 65 102 69
101 86 102 91
101 92 102 97
101 106 102 111
101 118 103 121
101 126 102 130
101 131 102 134
101 137 102 140
101 146 102 151
101 152 102 157
101 158 102 162
101 185 103 188
100 219 102 222
101 239 102 242
101 243 102 247
102 0 103 5
102 6 103 11
102 12 103 16
102 49 103 54
102 55 103 59
102 78 103 83
102 112 103 117
102 122 103 125
102 166 103 171
102 172 103 177
102 179 103 184
102 189 103 193
102 199 103 204
102 205 103 208
102 209 103 213
102 214 103 217
102 223 103 226
102 227 103 232
102 233 103 237
103 19 104 24
103 27 104 32
103 33 104 38
103 43 104 48
103 62 104 67
103 72 105 75
103 84 104 88
103 89 104 94
103 95 104 100
103 104 104 107
103 108 105 111
103 132 104 137
102 142 104 145
103 146 104 149
103 150 104 153
103 154 104 158
103 159 104 162
103 218 104 221
103 238 104 242
103 243 104 247
104 7 106 10
104 11 105 15
103 39 105 42
104 49 105 53
104 54 105 57
104 58 105 61
103 68 105 71
104 76 105 81
104 113 105 118
104 122 105 127
103 128 105 131
103 138 105 141
104 177 105 182
104 183 105 188
104 189 105 193
103 194 105 197
104 198 105 201
104 206 105 211
104 212 105 217
104 232 105 237
105 16 106 20
105 21 106 24
105 25 106 30
105 31 106 35
105 82 106 85
105 86 106 90
105 95 106 98
105 99 106 102
105 104 106 107
105 133 107 136
105 142 106 145
105 146 106 149
105 150 106 153
105 154 106 159
105 162 107 165
104 202 106 205
105 218 106 223
105 224 107 227
105 239 106 244
105 245 106 249
106 36 108 39
106 40 108 43
106 48 107 51
106 52 107 55
106 56 107 61
106 62 107 67
106 68 107 73
106 75 107 80
106 91 108 94
106 112 107 117
106 119 108 122
106 123 107 127
106 128 107 132
106 137 107 141
106 166 107 171
106 175 107 180
106 181 107 184
106 185 107 188
106 189 107 194
106 195 108 198
106 208 107 213
105 228 107 231
106 232 107 236
107 0 108 5
107 17 108 21
107 22 108 26
106 44 108 47
107 81 108 85
107 86 108 90
107 96 108 101
107 106 109 109
107 142 109 145
107 149 108 154
107 155 109 158
107 199 108 202
107 203 108 206
107 217 108 222
107 237 108 242
107 243 108 248
108 11 109 16
108 48 109 52
108 66 109 71
108 72 109 77
108 110 109 113
108 125 109 130
108 136 109 141
108 159 109 163
108 164 109 169
108 175 109 179
108 180 109 183
108 184 109 189
108 190 109 194
108 207 110 210
108 223 109 226
108 227 109 232
108 233 110 236
109 1 110 6
109 7 111 10
109 17 110 22
109 23 110 26
109 29 111 32
109 33 111 36
109 37 110 40
109 41 110 45
109 53 110 58
109 79 110 84
109 85 110 89
109 90 110 95
109 97 111 100
109 114 110 118
109 119 110 124
109 131 110 135
109 148 110 153
109 201 110 206
109 211 110 215
109 237 110 242
109 243 110 248
110 11 111 16
110 46 111 50
110 60 111 65
110 66 111 70
110 71 111 76
110 101 111 106
110 108 111 113
110 136 111 140
110 163 111 168
110 169 111 172
110 179 111 184
110 185 111 188
110 189 111 193
110 194 111 199
109 216 111 219
110 222 111 227
111 1 112 6
111 23 112 26
111 37 112 41
111 51 112 56
111 77 112 81
111 82 112 85
111 86 112 90
111 91 112 94
111 114 112 119
111 120 112 123
111 124 112 128
111 129 112 134
111 152 112 155
111 156 112 161
111 200 112 203
111 208 112 212
111 232 112 237
111 238 112 242
111 243 112 246
112 7 113 12
112 13 113 16
112 42 113 47
112 59 113 64
112 65 113 70
112 95 113 99
112 100 113 103
112 137 114 140
112 146 113 151
112 163 113 168
112 169 113 173
112 175 113 179
112 184 113 188
112 204 114 207
112 215 113 219
112 224 114 227
111 228 113 231
113 1 114 6
112 17 114 20
113 24 114 29
113 36 114 40
113 49 114 54
113 55 114 58
113 74 115 77
113 78 114 83
113 84 114 88
113 89 114 93
113 104 114 108
113 113 115 116
113 121 114 126
113 127 114 130
113 131 114 136
113 152 114 155
113 156 114 159
112 180 114 183
113 195 114 200
113 208 114 212
113 233 114 237
113 238 114 242
113 243 114 246
114 7 115 12
114 13 116 16
113 32 115 35
114 41 115 44
114 60 115 65
114 70 116 73
114 94 115 97
114 98 115 102
113 109 115 112
113 117 115 120
114 142 115 147
114 148 115 151
114 160 115 165
114 170 115 175
114 176 116 179
114 184 116 187
114 215 115 219
114 229 116 232
115 45 116 49
115 50 116 55
115 56 117 59
115 66 117 69
115 81 116 86
115 87 116 92
115 103 117 106
115 122 116 126
115 127 116 132
115 134 117 137
115 153 116 158
114 166 116 169
115 180 116 183
115 188 116 192
115 193 116 196
115 197 117 200
115 206 117 209
115 223 116 228
115 233 116 238
116 9 118 12
116 21 118 24
116 27 117 31
116 32 117 37
116 38 117 42
116 76 118 79
116 97 117 102
116 107 117 110
116 111 117 116
116 117 117 121
115 138 117 141
116 142 117 147
116 148 117 152
116 161 117 165
116 170 117 175
116 210 117 215
116 216 117 220
116 246 118 249
117 13 118 17
117 43 118 48
117 50 118 55
117 60 118 65
117 70 118 75
117 80 118 85
117 86 118 91
117 92 118 96
117 125 118 130
117 155 118 158
117 166 119 169
117 176 118 181
117 182 118 187
117 190 118 195
117 201 119 204
117 221 118 224
117 225 118 230
117 231 118 234
117 235 118 238
118 2 119 7
118 28 119 33
118 97 119 101
118 102 119 106
118 107 119 110
118 132 119 137
118 138 119 141
118 142 119 145
118 146 119 150
118 151 119 154
118 170 119 175
118 196 119 200
118 207 119 212
118 214 119 219
118 239 119 243
119 8 120 11
119 12 120 16
119 22 120 27
119 43 120 48
119 49 120 54
119 59 120 64
119 65 120 70
119 71 120 75
119 76 120 79
119 80 120 84
119 85 120 89
119 90 120 95
119 122 120 127
119 128 120 131
119 155 120 158
119 162 121 165
119 178 120 183
119 186 120 191
119 192 120 195
119 220 120 225
119 230 120 233
119 234 120 237
119 244 120 249
120 1 121 6
120 17 121 21
120 35 122 38
119 55 121 58
120 96 121 100
120 101 121 106
120 107 121 111
120 116 121 121
120 133 121 138
120 139 121 142
120 143 121 146
120 147 121 150
120 151 121 154
120 171 121 176
120 196 121 199
120 200 121 204
120 209 121 214
120 215 121 219
119 226 121 229
120 238 121 243
121 11 122 16
121 41 122 45
121 46 122 51
121 59 122 64
121 65 122 70
121 73 122 78
121 79 122 83
121 84 122 88
121 89 123 92
121 126 122 131
121 158 122 161
121 177 122 181
121 182 122 187
121 220 122 224
121 232 122 237
121 244 122 249
122 18 123 23
122 24 123 29
122 30 123 33
122 52 123 57
122 93 123 96
122 97 123 100
122 101 123 106
122 107 123 111
122 115 123 120
122 121 123 125
122 134 123 139
122 140 123 144
122 145 123 149
122 163 123 168
122 188 123 192
122 197 124 200
122 225 123 230
122 238 124 241
123 5 124 9
123 12 124 15
123 34 124 39
123 42 124 47
123 48 125 51
123 58 124 61
123 69 124 74
123 75 124 78
123 79 124 82
123 83 124 88
123 128 124 133
123 151 124 156
123 157 124 162
123 175 124 180
123 181 124 186
123 201 125 204
123 205 124 210
123 232 124 237
123 242 124 247
124 0 125 4
124 16 126 19
124 28 125 33
124 62 126 65
124 89 126 92
124 93 125 98
124 99 125 104
124 105 125 110
124 112 125 117
124 122 125 127
124 135 125 140
124 141 125 144
124 145 125 150
124 163 125 166
124 167 125 170
124 187 125 192
123 211 125 214
123 215 125 218
123 219 125 222
124 223 125 227
124 228 125 231
125 5 126 9
125 12 126 15
125 34 127 37
125 38 127 41
124 52 126 55
125 56 126 61
125 66 126 71
125 73 126 78
125 79 126 83
125 128 126 133
125 152 126 157
125 158 126 162
124 171 126 174
125 175 126 178
125 179 126 183
125 205 126 210
125 232 126 237
125 238 126 241
125 242 126 247
126 0 127 4
126 20 127 25
126 27 127 32
125 42 127 45
126 46 127 51
126 84 127 88
126 99 127 104
126 105 127 109
126 110 127 113
126 118 127 123
126 124 127 127
126 134 127 138
126 139 127 142
126 143 127 146
126 147 127 150
126 184 128 187
126 192 127 196
126 211 127 216
126 217 127 220
126 221 127 226
126 228 128 231
127 5 128 9
127 15 128 19
127 52 128 56
127 59 128 64
127 65 128 68
127 69 128 73
127 78 129 81
127 90 128 94
126 114 128 117
127 151 128 155
127 156 128 160
127 161 128 166
127 167 128 170
127 171 128 174
127 175 129 178
127 188 129 191
127 197 128 201
127 202 128 206
127 207 128 210
127 237 129 240
128 0 129 4
128 40 129 45
128 46 129 51
128 86 129 89
128 95 129 100
128 102 129 107
128 108 129 111
128 118 129 122
128 123 129 126
128 127 129 130
128 135 129 140
128 145 129 149
128 179 129 183
128 193 130 196
128 212 129 217
128 218 129 222
128 223 129 227
128 232 129 236
128 241 129 246
129 7 130 12
129 16 130 21
129 27 130 32
129 33 130 38
129 52 130 56
129 59 130 62
129 63 130 67
129 68 130 73
129 90 130 94
129 112 130 115
129 131 131 134
128 141 130 144
129 150 130 153
129 154 130 159
129 160 130 165
129 168 130 173
129 197 130 201
129 202 130 206
129 207 130 211
130 1 131 6
129 23 131 26
130 41 131 45
130 46 131 51
130 78 132 81
130 86 131 89
130 99 132 102
130 135 131 140
130 174 131 179
130 180 131 183
130 214 131 219
130 220 131 223
130 230 131 235
130 236 131 240
130 245 131 249
131 7 132 11
131 27 132 32
131 33 132 36
131 37 132 40
131 52 132 57
131 58 132 62
131 63 132 68
131 69 132 73
131 74 132 77
131 90 132 94
131 103 132 108
131 110 132 115
131 118 132 123
131 149 133 152
131 153 132 156
131 157 132 160
131 161 132 164
131 201 133 204
131 205 132 209
130 224 132 227
131 241 133 244
131 12 133 15
132 16 133 21
132 23 133 26
132 41 133 46
132 47 133 50
132 84 133 89
131 95 133 98
132 124 133 128
132 134 134 137
132 144 133 148
131 165 133 168
132 171 133 175
132 176 133 179
132 182 134 185
132 186 134 189
132 194 133 198
132 212 133 216
132 217 133 222
132 245 133 249
133 0 134 4
133 5 134 9
133 33 135 36
133 37 135 40
133 51 134 55
133 56 134 61
133 62 134 67
133 68 134 72
133 73 135 76
133 91 135 94
133 107 134 112
133 117 135 120
132 138 134 141
133 154 134 159
133 160 134 164
132 190 134 193
133 223 134 227
133 231 134 236
132 237 134 240
134 10 136 13
134 23 135 28
133 29 135 32
134 42 135 47
134 77 135 82
134 83 136 86
133 103 135 106
133 113 135 116
134 121 136 124
134 125 136 128
134 144 135 149
134 165 135 168
134 174 135 179
134 195 136 198
134 205 136 208
134 216 135 221
134 244 135 249
135 2 137 5
135 6 136 9
135 52 136 57
135 58 137 61
135 62 136 67
135 68 136 72
134 87 136 90
135 95 136 99
135 131 136 136
135 137 136 140
135 150 136 154
135 155 136 159
135 160 137 163
135 187 137 190
134 201 136 204
135 209 136 214
135 222 136 227
135 228 136 233
135 234 137 237
135 238 136 243
136 26 137 31
136 39 137 42
136 43 137 47
136 76 138 79
136 100 138 103
136 104 137 109
136 141 137 144
136 145 137 148
136 164 137 167
136 172 137 175
136 176 137 179
136 182 137 186
135 191 137 194
136 215 137 219
137 6 138 9
137 13 139 16
136 17 138 20
137 21 138 25
137 33 138 38
137 50 138 53
137 54 138 57
137 62 138 67
137 69 138 74
137 80 138 85
137 87 138 92
137 95 138 99
137 120 138 125
137 130 138 134
137 135 139 138
137 168 139 171
137 200 138 205
137 206 138 209
137 210 138 214
137 220 138 223
137 224 138 228
137 229 138 233
138 26 139 31
138 39 139 42
138 43 139 46
138 104 139 109
137 110 139 113
138 114 139 119
137 126 139 129
138 139 139 142
138 143 139 148
138 162 139 167
138 172 139 175
138 176 139 180
138 181 139 186
138 187 139 191
138 240 139 245
139 0 140 5
139 6 140 9
139 17 140 21
139 22 140 25
139 32 140 37
139 55 140 60
139 61 140 66
139 67 140 71
139 72 140 77
139 83 140 88
139 120 140 125
139 150 140 155
139 192 140 197
139 198 140 201
139 202 140 207
139 208 140 211
139 212 140 215
139 222 140 227
139 228 140 231
139 232 140 237
140 12 141 16
140 26 141 31
140 38 141 41
140 42 141 47
140 89 141 93
140 94 141 98
140 103 142 106
140 107 141 112
140 114 141 119
140 126 141 131
140 132 142 135
140 140 141 144
140 145 141 149
139 156 141 159
140 169 141 174
140 179 141 183
140 216 141 221
140 239 141 243
140 244 141 247
141 0 142 5
141 6 143 9
141 19 142 24
141 34 143 37
141 49 142 54
141 55 142 59
141 64 142 67
141 68 142 73
141 74 142 79
141 83 142 88
141 99 143 102
141 120 142 125
141 136 143 139
141 150 142 155
141 160 142 164
141 165 143 168
140 175 142 178
141 184 142 188
141 189 142 194
141 195 142 200
141 201 142 206
141 207 142 211
141 212 142 215
141 222 142 227
141 228 142 232
141 235 143 238
142 10 143 14
142 15 143 18
142 25 143 29
142 30 143 33
142 38 143 42
142 43 143 47
141 60 143 63
142 90 143 93
142 94 143 98
142 111 143 115
142 116 144 119
142 126 144 129
142 140 143 144
142 145 143 148
142 156 143 159
142 169 144 172
142 217 143 221
142 239 143 243
142 244 143 249
143 0 144 5
143 66 144 71
143 72 144 77
143 78 144 81
143 103 144 106
142 107 144 110
143 120 144 125
143 130 144 133
143 149 144 152
143 161 144 164
143 173 144 178
142 179 144 182
143 187 144 190
143 191 144 194
143 195 144 198
143 199 144 202
143 211 144 216
143 222 144 227
144 6 145 11
144 12 145 15
144 16 145 19
144 22 145 26
144 27 145 30
144 31 145 36
144 37 145 40
144 58 145 63
144 87 145 92
144 93 145 98
144 99 146 102
144 111 146 114
144 134 145 139
144 142 145 146
144 183 146 186
144 228 145 232
144 240 145 245
144 246 146 249
145 0 146 5
145 46 146 51
145 52 146 57
145 70 146 74
145 75 146 80
145 81 146 85
145 107 146 110
145 115 147 118
145 127 146 131
145 147 146 150
145 151 146 156
145 161 146 165
145 166 146 169
145 170 147 173
145 177 146 182
145 189 146 193
145 194 146 198
145 199 146 202
145 203 146 207
145 208 146 212
145 213 146 218
145 221 146 226
145 233 146 238
146 9 147 14
146 15 148 18
146 23 147 28
146 33 147 38
146 39 148 42
146 58 147 63
146 64 147 69
146 87 147 92
146 93 147 96
145 119 147 122
145 123 147 126
146 132 148 135
146 136 148 139
146 142 147 146
146 157 148 160
146 227 147 232
146 239 147 244
147 3 148 8
147 19 149 22
146 29 148 32
147 43 149 46
147 47 148 50
147 51 148 56
147 80 148 85
147 97 148 100
147 101 148 104
147 108 148 113
147 127 148 131
147 150 148 155
147 164 148 169
147 177 148 181
147 189 148 194
147 207 149 210
147 211 148 216
147 218 148 223
147 233 148 236
148 10 149 13
148 23 149 27
148 60 149 65
148 66 149 70
148 75 149 79
148 88 149 93
148 114 149 119
148 120 150 123
148 140 149 145
148 146 150 149
148 182 149 186
148 198 150 201
148 224 149 228
148 229 149 232
148 237 149 242
148 244 149 249
149 6 151 9
149 14 150 18
149 28 150 31
149 32 151 35
149 36 150 41
149 47 150 51
149 56 151 59
148 71 150 74
149 80 150 83
149 94 150 98
149 99 150 102
149 103 150 106
149 124 150 129
149 130 150 134
149 150 150 155
149 156 151 159
149 160 150 165
149 167 150 172
149 175 150 180
149 189 150 193
149 194 151 197
149 202 150 206
149 213 150 218
149 219 150 222
149 233 150 236
150 0 151 5
150 10 152 13
150 19 151 23
150 24 151 27
150 42 152 45
149 52 151 55
150 60 151 65
150 66 151 69
150 76 152 79
150 87 151 92
150 107 151 112
150 113 151 118
150 135 151 139
150 140 152 143
150 181 151 186
150 207 151 210
150 237 151 241
150 242 151 247
151 14 152 18
151 28 152 31
151 36 152 41
151 46 152 51
151 70 152 73
151 80 152 83
151 93 152 98
151 101 152 106
151 119 152 122
151 123 152 128
151 129 152 134
151 144 153 147
151 148 152 151
151 160 152 163
151 164 152 168
151 188 153 191
151 198 152 203
151 211 152 214
151 215 152 218
151 219 152 222
151 231 152 236
152 6 153 9
152 19 154 22
152 23 154 26
152 32 154 35
152 54 153 59
152 64 153 69
152 87 153 92
152 107 153 112
152 113 153 116
152 135 153 139
152 169 153 173
152 180 153 183
152 184 153 187
152 192 153 197
152 204 153 208
152 223 153 227
153 0 154 5
153 11 154 16
153 27 154 31
153 36 154 40
153 41 154 44
153 45 155 48
153 70 154 73
153 77 154 82
153 97 154 102
153 103 155 106
153 117 154 120
153 121 154 124
153 125 154 128
153 129 155 132
153 140 154 143
153 148 154 151
153 154 154 159
153 160 154 163
153 164 154 168
153 198 154 203
153 209 154 212
153 228 154 233
153 234 155 237
153 244 154 249
154 6 155 10
153 49 155 52
154 53 155 58
154 63 155 68
154 85 155 90
154 91 156 94
154 107 155 111
154 112 155 116
154 133 156 136
154 169 155 173
154 174 156 177
154 182 155 187
154 193 155 197
154 204 155 208
154 215 155 220
154 222 155 227
153 240 155 243
155 0 156 5
155 12 156 17
155 18 156 21
155 22 156 26
155 27 156 32
155 36 157 39
155 40 156 44
155 70 156 75
155 76 156 79
155 80 156 84
155 95 156 98
155 99 156 102
155 117 156 122
155 123 157 126
155 137 156 142
155 143 156 147
155 148 156 152
155 153 156 158
155 159 156 164
155 165 157 168
155 178 156 181
155 188 156 192
155 198 156 202
155 209 156 214
155 228 156 233
155 246 157 249
156 6 157 11
156 49 157 54
156 55 157 60
156 63 157 68
156 85 157 90
156 104 157 107
156 108 157 111
156 112 157 116
156 127 157 130
156 169 158 172
156 182 157 185
156 193 158 196
156 203 157 208
156 217 157 222
156 223 157 227
156 240 157 245
157 1 159 4
157 15 158 20
157 21 158 25
157 26 158 31
157 32 158 35
157 42 158 46
157 69 158 74
157 75 158 80
157 81 158 84
157 93 158 98
157 100 159 103
157 117 158 122
157 131 158 134
157 135 158 140
157 141 158 144
157 145 158 149
157 150 158 155
157 157 159 160
157 161 158 164
157 173 158 176
157 186 158 191
157 197 158 202
157 211 158 216
157 230 158 235
158 5 159 9
158 10 159 14
158 36 159 41
158 47 159 51
158 52 159 55
158 56 159 59
158 64 159 68
158 85 159 90
158 106 159 111
158 112 159 116
158 125 159 130
158 179 159 184
158 204 159 209
158 217 159 221
158 238 159 243
159 20 160 25
159 26 160 29
159 30 160 33
159 74 160 79
159 80 160 84
159 91 160 94
159 131 160 134
159 135 160 138
159 139 160 144
159 151 160 156
159 163 161 166
159 167 160 170
159 171 160 176
159 187 160 192
159 193 160 197
159 198 160 203
159 210 160 213
159 228 160 233
159 234 160 237
160 9 162 12
160 34 162 37
160 38 161 43
160 50 161 55
160 56 162 59
160 65 162 68
160 95 161 100
160 101 161 105
160 106 161 110
160 115 162 118
160 119 162 122
160 125 161 128
160 145 161 149
160 157 161 162
160 181 161 186
160 204 161 209
160 214 161 218
160 219 161 223
159 224 161 227
160 240 161 244
159 245 161 248
161 13 162 18
161 19 162 22
161 27 162 32
160 44 162 47
161 69 162 74
161 77 162 82
161 83 162 88
161 89 162 94
161 111 163 114
161 133 163 136
161 150 162 155
161 168 162 173
161 174 163 177
161 191 162 196
161 197 162 200
161 210 162 213
161 230 162 235
161 236 162 239
162 3 164 6
162 38 163 43
162 99 163 104
162 105 163 110
162 125 164 128
162 137 163 142
162 144 163 149
162 156 163 160
162 163 163 167
162 178 163 181
162 182 163 186
162 201 163 205
162 206 164 209
162 215 163 219
162 220 163 223
162 224 163 227
162 243 163 248
163 7 164 11
163 12 164 17
163 18 164 22
163 26 164 31
163 32 164 37
163 44 164 49
163 51 164 56
163 57 164 60
163 61 164 65
163 66 164 71
163 72 164 75
163 76 164 81
163 90 164 94
162 95 164 98
163 115 164 120
163 150 164 155
163 187 164 191
163 192 164 196
163 197 165 200
163 210 164 214
163 228 164 231
163 232 164 235
163 236 164 240
164 84 165 89
164 99 165 103
164 104 165 108
164 109 165 112
163 121 165 124
164 133 166 136
164 137 165 141
164 142 165 146
164 156 165 160
164 163 165 168
163 169 165 172
164 173 165 177
164 202 166 205
164 218 165 223
164 224 165 227
165 0 166 5
165 10 166 15
165 16 166 19
165 20 167 23
165 36 166 41
165 42 166 47
165 48 166 53
165 54 166 58
165 59 166 64
165 66 166 71
165 72 166 77
165 78 166 83
165 93 166 98
165 113 166 118
165 150 166 155
165 182 166 186
165 187 166 190
165 191 166 196
165 206 166 209
165 210 166 213
165 214 167 217
165 229 166 234
165 239 166 244
165 6 167 9
166 24 167 28
166 29 167 34
166 89 168 92
166 99 167 104
166 105 167 108
166 109 167 112
166 123 167 128
165 129 167 132
166 137 167 142
166 143 168 146
166 156 167 159
166 160 167 165
166 168 167 173
166 174 167 177
165 178 167 181
166 197 167 201
166 218 167 221
166 222 168 225
166 245 167 249
167 1 169 4
167 12 169 15
167 16 169 19
167 37 168 41
167 45 168 50
167 56 168 61
167 63 168 68
167 73 168 78
167 82 169 85
167 93 168 97
167 151 169 154
167 183 168 188
167 189 168 194
167 208 168 213
167 226 169 229
167 230 168 234
167 235 168 239
167 240 168 244
168 5 169 10
168 20 169 25
168 33 170 36
167 69 169 72
168 98 170 101
168 106 169 111
168 113 169 118
168 128 170 131
168 136 169 141
168 155 169 158
168 159 169 162
168 166 169 171
168 172 169 175
168 176 169 180
168 196 169 201
167 202 169 205
168 218 170 221
168 246 170 249
169 27 170 32
169 44 170 49
169 50 170 53
169 54 170 57
169 58 170 61
169 62 170 66
169 73 170 77
169 78 170 81
169 88 170 91
169 92 170 97
168 102 170 105
169 122 170 127
168 132 170 135
169 142 170 145
169 146 171 149
169 181 170 186
169 187 170 191
169 192 170 195
169 206 170 209
169 210 170 213
168 214 170 217
169 231 170 236
169 241 170 245
170 3 171 8
170 9 171 14
170 15 171 20
170 21 171 26
170 67 171 71
170 82 171 87
170 110 171 114
170 115 171 118
170 150 171 155
170 157 171 162
170 167 172 170
170 171 171 175
170 176 171 179
170 196 171 201
170 202 171 205
170 237 172 240
171 27 172 30
171 39 172 44
171 46 172 51
171 52 172 56
171 57 172 62
171 72 172 75
171 76 172 79
171 88 172 93
171 94 172 99
171 100 172 105
171 106 173 109
171 119 172 123
171 124 172 127
171 128 172 132
171 133 172 138
171 140 172 145
171 180 173 183
171 184 172 187
171 188 172 191
171 192 173 195
171 206 172 211
171 212 172 217
171 218 173 221
171 222 173 225
170 226 172 229
171 230 172 235
171 243 172 248
172 5 173 10
172 11 173 15
172 16 173 20
172 21 174 24
172 31 173 36
172 63 173 67
172 80 173 83
172 84 174 87
172 113 173 118
172 146 173 150
172 151 173 154
172 155 173 159
172 175 173 179
173 1 175 4
173 25 174 30
173 37 174 41
173 42 174 45
173 46 174 49
173 50 174 55
173 56 174 61
173 68 174 73
173 74 174 79
173 88 174 92
173 99 174 104
173 122 174 125
173 126 174 129
173 130 174 134
173 135 174 138
173 139 174 142
172 160 174 163
173 164 174 169
173 170 174 174
173 184 174 187
173 188 174 191
173 196 174 201
173 202 174 206
173 211 175 214
173 226 174 231
173 232 174 237
173 240 174 245
173 246 174 249
174 6 175 11
174 12 175 17
174 31 175 36
174 62 175 67
174 80 175 83
174 93 175 97
174 108 175 111
174 118 176 121
174 143 175 148
174 149 175 154
174 155 175 159
174 180 176 183
173 207 175 210
174 215 175 219
174 220 175 225
175 18 176 21
175 22 176 25
175 40 176 45
175 52 176 57
175 70 176 73
175 98 176 103
175 104 177 107
175 112 177 115
175 122 176 125
175 126 176 131
175 132 176 137
175 138 176 142
175 161 176 166
175 170 176 175
175 184 176 187
175 188 176 192
175 193 176 198
175 229 176 234
175 235 177 238
175 243 176 248
176 0 177 4
176 5 177 10
176 11 177 16
176 26 177 31
176 33 177 38
175 48 177 51
176 58 177 63
176 64 177 67
176 74 177 78
176 79 177 82
176 83 177 87
176 108 178 111
176 146 177 151
176 152 177 156
176 157 177 160
175 176 177 179
176 199 177 203
176 204 177 207
176 212 177 216
176 217 177 220
176 221 177 226
175 239 177 242
177 17 178 21
177 22 179 25
177 40 178 45
177 70 179 73
176 88 178 91
177 92 179 95
177 118 178 122
177 127 178 130
177 131 178 134
177 135 178 140
177 141 178 145
177 161 178 166
177 180 178 185
177 191 178 196
177 208 179 211
177 227 178 231
177 244 178 249
178 1 179 6
178 7 179 12
178 13 179 16
178 26 179 30
178 31 179 35
178 36 179 39
178 49 179 54
178 55 180 58
178 59 179 63
178 76 179 81
178 82 179 86
178 96 179 100
178 101 179 106
178 112 179 115
178 147 179 152
178 154 180 157
178 167 179 172
178 174 179 179
178 186 179 190
178 197 179 201
178 202 179 207
178 216 179 220
178 221 179 224
178 232 179 237
178 238 179 243
179 17 180 21
179 43 181 46
179 66 180 69
179 87 180 91
179 118 180 122
179 128 180 133
179 135 180 140
179 141 181 144
179 158 180 161
179 162 180 166
179 180 180 184
179 191 180 196
179 212 181 215
179 225 180 228
180 6 181 10
180 11 181 14
180 22 181 27
180 28 181 33
180 34 181 37
180 38 181 42
180 50 182 53
180 59 181 63
180 70 181 74
180 75 181 78
180 79 181 82
180 83 181 86
180 92 181 97
180 98 181 103
180 114 181 117
180 145 181 149
180 172 182 175
180 176 182 179
180 206 181 211
180 217 181 222
180 229 181 233
180 234 181 238
180 243 181 246
181 0 182 5
181 16 182 21
181 54 182 58
181 66 183 69
181 87 182 91
181 104 182 107
181 108 182 112
181 118 182 123
181 127 182 130
181 131 182 135
181 136 182 140
181 157 182 162
181 163 183 166
181 180 182 184
181 188 182 193
181 194 182 198
180 199 182 202
181 223 182 228
180 239 182 242
182 7 184 10
182 11 184 14
182 22 184 25
182 26 183 29
182 30 183 35
182 37 183 42
182 71 184 74
182 75 183 78
182 79 183 82
182 83 183 86
182 94 183 99
182 113 183 116
182 144 183 149
182 153 184 156
182 203 183 208
182 209 183 214
182 215 183 219
182 234 184 237
182 243 183 246
183 0 184 4
183 16 184 21
183 52 184 57
183 62 185 65
183 88 184 93
183 102 184 106
183 117 184 121
183 122 184 125
183 133 184 138
183 139 184 143
183 159 185 162
183 170 184 173
183 174 184 178
183 179 184 184
183 188 185 191
183 192 184 197
183 198 184 202
183 220 184 225
183 226 184 229
182 230 184 233
183 238 184 241
184 26 185 30
184 31 185 35
184 36 185 39
184 40 185 43
183 58 185 61
184 66 185 70
184 75 185 79
184 94 186 97
184 98 185 101
184 107 185 111
184 112 185 116
183 129 185 132
184 148 185 152
184 163 185 168
184 207 185 212
184 213 185 218
184 242 185 245
184 246 185 249
185 1 187 4
185 7 186 10
185 11 186 14
185 16 186 20
185 21 186 25
185 44 186 49
185 50 186 55
184 80 186 83
185 86 186 91
185 102 186 106
185 119 186 124
185 133 186 137
185 138 186 141
185 142 186 145
185 170 186 175
185 176 186 181
185 182 186 186
185 192 186 195
185 196 186 200
185 201 186 204
185 224 186 229
185 230 186 235
185 236 186 239
186 26 187 31
186 32 187 36
186 37 187 42
186 61 187 65
186 66 187 71
186 73 187 78
186 98 187 101
186 107 187 111
186 112 187 117
186 129 187 132
186 148 187 152
186 163 187 168
186 187 187 191
186 205 187 208
186 209 187 214
186 215 187 218
186 219 187 223
187 9 188 14
187 16 188 20
187 21 188 25
187 43 188 46
187 47 188 52
187 79 188 83
187 85 188 90
187 133 189 136
187 153 188 158
187 159 189 162
187 172 188 177
187 178 188 182
187 183 188 186
187 195 188 200
187 201 188 204
187 227 188 232
187 233 188 236
187 237 188 242
187 244 188 249
188 3 189 8
188 26 189 31
188 37 190 40
188 53 189 58
188 59 189 63
188 64 189 67
188 68 190 71
188 72 189 77
188 94 189 99
188 100 189 104
188 105 189 110
188 112 190 115
188 116 189 120
188 121 189 125
188 127 189 132
188 145 189 150
188 165 190 168
188 189 189 194
188 206 189 211
188 214 189 219
188 220 189 224
189 9 190 14
189 15 190 19
189 20 190 25
189 41 190 44
189 45 190 48
189 49 190 52
189 78 190 83
189 88 190 93
189 137 190 141
189 153 190 158
189 169 190 174
189 179 190 184
189 199 190 204
189 226 190 230
189 231 190 236
189 238 190 243
189 244 190 249
190 1 191 6
190 53 191 57
190 62 191 67
190 94 191 99
190 103 191 108
190 119 191 124
190 125 191 129
190 130 191 135
190 142 191 145
190 146 191 150
190 159 191 164
189 175 191 178
189 185 191 188
190 189 191 193
190 205 191 208
190 209 191 214
190 215 191 220
190 221 191 224
191 9 192 13
191 18 192 22
191 23 192 28
191 30 193 33
191 46 192 51
190 58 192 61
191 74 192 79
191 80 192 83
191 87 192 92
191 109 193 112
191 167 192 172
191 179 192 184
191 194 193 197
191 227 192 232
191 233 192 238
191 239 192 243
191 244 192 249
192 1 193 6
191 14 193 17
192 34 193 37
192 38 193 42
192 52 193 57
192 62 193 66
192 67 193 71
192 95 193 99
192 102 193 105
192 113 193 117
192 118 193 123
192 124 193 128
192 139 193 144
192 145 193 149
192 150 193 155
192 156 193 161
192 162 193 166
192 173 193 178
192 187 193 192
192 206 193 211
192 212 193 215
192 219 193 224
193 9 194 12
193 19 194 24
193 25 194 29
193 44 194 48
193 58 195 61
193 72 194 75
193 76 194 80
193 81 194 85
193 87 194 92
193 129 194 134
193 135 194 138
193 167 194 172
193 179 194 182
193 183 194 186
193 200 194 205
193 226 194 229
193 230 194 233
193 234 194 237
193 238 194 241
193 242 194 245
193 246 194 249
194 13 195 17
194 33 196 36
194 49 195 53
194 54 195 57
194 95 195 100
194 101 195 105
194 108 195 112
194 113 195 118
194 119 195 124
194 143 195 148
194 152 196 155
194 156 195 161
194 174 195 177
194 187 195 192
194 193 195 196
194 207 196 210
194 211 195 215
194 219 195 224
195 7 196 12
195 18 196 21
195 22 196 27
195 44 197 47
195 65 196 70
195 71 196 76
195 79 196 83
195 89 197 92
195 125 196 130
195 131 196 135
195 136 196 141
195 164 196 169
195 170 196 173
195 197 196 202
195 203 197 206
195 226 196 229
195 230 196 233
195 234 197 237
195 238 196 241
196 28 197 32
195 39 197 42
196 48 197 51
196 56 198 59
196 95 197 100
196 101 197 106
196 110 197 115
196 119 197 124
196 148 198 151
196 177 197 182
196 183 197 188
196 190 198 193
196 211 197 216
196 218 197 223
196 244 197 249
197 6 199 9
196 52 198 55
197 60 198 65
197 66 198 70
197 71 198 76
197 125 198 130
197 140 198 145
197 152 198 157
197 158 199 161
197 167 198 172
197 194 198 197
197 207 199 210
197 224 198 229
197 230 198 233
197 240 199 243
198 10 199 15
198 31 199 36
198 37 199 42
198 45 199 50
198 96 199 101
198 102 199 106
198 111 199 116
198 117 199 122
198 162 199 166
197 173 199 176
198 177 199 181
198 182 199 187
197 198 199 201
198 202 199 206
198 211 199 215
198 216 199 219
2 166 2 175
3 84 3 91
5 41 5 51
6 190 6 198
7 165 7 172
7 213 7 224
7 237 7 248
10 16 10 23
10 99 10 108
10 150 10 159
12 9 12 17
12 28 12 36
13 125 13 133
13 211 13 218
14 106 14 116
15 228 15 236
16 231 16 242
17 221 17 231
18 137 18 145
19 128 19 136
21 40 21 47
22 40 22 50
22 83 22 92
23 27 23 34
24 27 24 34
24 58 24 65
24 77 24 84
24 186 24 197
24 211 24 218
26 7 26 15
26 43 26 53
26 102 26 112
27 80 27 88
27 131 27 141
28 155 28 163
30 108 30 115
35 152 35 159
36 152 36 159
37 110 37 117
37 160 37 168
43 41 43 48
44 40 44 48
47 8 47 15
49 236 49 244
50 33 50 40
53 50 53 60
55 128 55 135
56 7 56 18
56 45 56 52
56 169 56 176
58 230 58 238
61 59 61 69
61 95 61 102
62 143 62 151
64 98 64 105
67 31 67 41
68 37 68 48
69 22 69 30
69 149 69 156
74 110 74 119
76 37 76 44
77 1 77 12
77 63 77 72
77 220 77 227
79 159 79 166
79 182 79 189
84 110 84 121
84 122 84 130
86 141 86 149
89 91 89 102
90 181 90 192
91 25 91 32
91 225 91 233
93 155 93 162
94 47 94 54
94 195 94 206
95 16 95 23
96 16 96 23
96 124 96 132
97 199 97 206
97 213 97 224
98 140 98 147
98 190 98 197
99 65 99 72
100 65 100 72
101 70 101 79
104 163 104 172
104 222 104 231
107 6 107 16
107 27 107 35
108 53 108 64
110 154 110 162
111 143 111 151
112 104 112 113
112 189 112 199
115 17 115 24
115 239 115 249
118 111 118 122
121 23 121 34
122 150 122 157
122 169 122 176
122 208 122 219
125 20 125 27
126 163 126 170
126 197 126 204
128 20 128 31
128 32 128 39
130 103 130 111
130 119 130 130
130 184 130 192
131 141 131 148
131 189 131 200
134 14 134 21
134 95 134 102
136 110 136 120
137 149 137 159
138 150 138 161
139 47 139 54
140 184 140 191
143 48 143 59
143 82 143 89
143 203 143 210
144 41 144 52
144 153 144 160
147 70 147 79
147 195 147 206
150 223 150 232
151 223 151 230
152 240 152 249
153 213 153 222
158 222 158 229
161 137 161 144
162 48 162 55
164 178 164 186
164 241 164 248
165 24 165 35
167 113 167 122
171 31 171 38
172 196 172 205
177 96 177 103
180 104 180 113
186 153 186 162
186 240 186 249
187 53 187 60
187 118 187 125
187 137 187 145
191 34 191 45
192 129 192 138
192 198 192 205
194 0 194 8
195 178 195 186
195 242 195 249
197 12 197 23
197 131 197 139
198 86 198 95
199 17 199 28
199 51 199 58
199 59 199 66
199 67 199 76
199 86 199 95
199 125 199 136
199 137 199 146
199 147 199 157
199 188 199 197
199 220 199 228
199 229 199 239
0 92 3 93
2 22 5 23
4 7 7 8
7 38 11 39
8 36 11 37
8 58 11 59
9 75 12 76
9 125 12 127
10 236 13 237
10 238 13 239
11 247 14 249
12 59 15 60
13 15 16 16
13 99 16 100
14 121 18 122
17 32 20 33
20 61 23 62
22 245 25 246
23 122 26 123
24 16 28 17
24 247 27 249
26 125 30 126
29 71 32 72
29 180 32 181
29 182 32 183
32 142 36 143
31 206 36 207
34 222 37 223
35 174 38 175
36 23 39 24
36 35 39 36
36 209 39 211
36 232 40 233
37 169 40 170
38 202 42 203
39 145 42 147
37 191 42 192
41 11 44 12
42 130 45 131
42 224 45 225
43 234 47 235
45 44 48 45
45 139 48 140
45 241 48 243
49 50 52 52
48 70 52 71
49 218 52 219
50 235 53 237
55 149 59 150
56 202 59 203
57 22 60 23
57 248 62 249
59 57 62 58
58 130 62 131
60 93 63 94
59 118 64 119
62 238 65 239
63 79 66 80
63 112 66 113
63 120 66 121
66 163 70 164
66 177 69 178
68 142 71 143
69 247 72 249
70 197 73 198
71 1 74 3
70 76 74 77
71 188 74 190
72 53 75 54
73 84 76 86
73 167 76 168
73 248 76 249
74 35 77 36
74 136 77 137
76 156 81 157
78 0 81 2
78 3 81 4
78 106 82 107
80 164 83 165
83 207 86 208
84 213 88 214
86 33 89 35
87 44 90 45
88 50 91 51
90 126 93 127
92 1 95 3
92 247 95 249
92 217 96 218
97 78 100 79
99 135 102 136
99 194 102 195
99 248 104 249
107 146 110 147
108 27 112 28
110 141 113 142
111 21 114 22
110 220 115 221
111 247 114 249
112 30 115 31
111 213 115 214
113 201 116 203
115 25 118 26
116 18 119 20
116 159 120 160
118 39 122 40
118 205 122 206
119 112 122 114
121 193 124 195
123 10 128 11
124 248 129 249
127 13 130 14
127 57 130 58
127 74 130 75
127 76 130 77
128 82 133 83
128 84 131 85
129 116 132 117
131 210 134 211
129 228 134 229
131 129 136 130
132 142 135 143
131 169 136 170
132 199 136 200
132 180 137 181
134 48 138 49
136 93 139 94
137 10 141 11
136 248 141 249
139 80 142 82
141 233 144 234
143 20 146 21
144 140 147 141
145 105 148 106
145 175 148 176
145 187 150 188
149 84 153 85
151 74 154 75
151 152 154 153
151 178 154 179
152 238 157 239
152 61 157 62
157 177 160 178
158 62 162 63
158 60 162 61
158 123 162 124
160 129 164 130
161 23 164 25
162 161 165 162
164 147 167 149
166 86 169 87
167 42 170 43
168 163 171 165
175 46 178 47
175 68 178 69
174 116 179 117
177 123 180 124
177 125 181 126
178 64 182 65
179 47 184 48
179 247 182 249
180 150 183 152
180 167 183 168
180 185 183 187
183 127 187 128
183 5 187 6
184 146 187 147
185 92 188 93
188 151 191 152
190 7 193 8
190 100 193 101
192 93 197 94
192 106 195 107
192 216 195 218
194 37 197 38
196 3 199 5
195 77 199 78
195 84 199 85
196 107 199 109
0 0 11 0
0 109 7 109
6 138 15 138
10 77 17 77
18 225 25 225
32 234 40 234
33 244 40 244
34 239 41 239
58 224 65 224
70 158 81 158
88 128 95 128
88 63 96 63
102 103 109 103
104 173 111 173
104 174 113 174
129 22 136 22
144 86 153 86
145 174 153 174
158 249 165 249
180 15 188 15
180 169 188 169
182 126 189 126
184 84 192 84
189 86 197 86
187 225 196 225
192 43 199 43
